<?xml version="1.0" encoding="UTF-8"?>
<!-- Generated by org.testng.reporters.JUnitReportReporter -->
<testsuite hostname="Asplap2656" failures="0" tests="1" name="com.OrangeHRM.testscripts.TimeSheetTestSuite" time="48.838" errors="0" timestamp="2024-01-25T11:02:25 IST" skipped="0">
  <testcase classname="com.OrangeHRM.testscripts.TimeSheetTestSuite" name="TC301" time="48.838">
    <system-out>
      <![CDATA[<div class="test-event"> <font color="maroon"> <small> &emsp; &emsp;--- 25 Jan 11:01:32 395 - TestCaseID:: TC301</small> </font> </div>
<div class="test-event"> <font color="maroon"> <small> &emsp; &emsp;--- 25 Jan 11:01:35 024 - <b>2</b> - Driver::initialize::Get - com.OrangeHRM.utils.WebDriverFactory.getDriver(WebDriverFactory.java:756)</small> </font> </div>
<div class="test-event"> <font color="maroon"> <small> &emsp; &emsp;--- 25 Jan 11:01:35 025 - WebDriver session: ChromeDriver: chrome on windows (091e265e7da9eba6a26b6f67e0208f9e)</small> </font> </div>
&emsp;<div class="test-title"> <strong><font size = "3" color = "#000080">create timesheet and submit</font> </strong> </div>&emsp;<div><strong>Steps:</strong></div><!-- Report -->&emsp;
<div class="test-event"> <font color="maroon"> <small> &emsp; &emsp;--- 25 Jan 11:01:35 027 - Fetching test data from excel sheet</small> </font> </div>
<div class="test-event"> <font color="maroon"> <small> &emsp; &emsp;--- 25 Jan 11:01:54 095 - Entered value Admin in Username field</small> </font> </div>
<div class="test-event"> <font color="maroon"> <small> &emsp; &emsp;--- 25 Jan 11:01:54 465 - Entered value admin123 in Password field</small> </font> </div>
<div class="test-event"> <font color="maroon"> <small> &emsp; &emsp;--- 25 Jan 11:01:54 487 - Webelement dimension: (419, 46)</small> </font> </div>
<div class="test-event"> <font color="maroon"> <small> &emsp; &emsp;--- 25 Jan 11:01:54 537 - Clicked on Login button</small> </font> </div>
<div class="test-message">&emsp;Login to Application&emsp;<a href=".\ScreenShot\TC301_17.png" target="_blank" >[ScreenShot]</a></div>
<div class="test-event"> <font color="maroon"> <small> &emsp; &emsp;--- 25 Jan 11:01:59 310 - Page URL:: https://opensource-demo.orangehrmlive.com/web/index.php/dashboard/index</small> </font> </div>
<div class="test-event"> <font color="maroon"> <small> &emsp; &emsp;--- 25 Jan 11:01:59 312 - <b>0</b> - Page Load Wait: (Sync) - com.OrangeHRM.utils.WaitUtils.waitForPageLoad(WaitUtils.java:50)</small> </font> </div>
<div class="test-event"> <font color="maroon"> <small> &emsp; &emsp;--- 25 Jan 11:01:59 373 - [[ChromeDriver: chrome on windows (091e265e7da9eba6a26b6f67e0208f9e)] -> css selector: p[class*='orangehrm-copyright']] displayed</small> </font> </div>
<div class="test-event"> <font color="maroon"> <small> &emsp; &emsp;--- 25 Jan 11:01:59 441 - [[ChromeDriver: chrome on windows (091e265e7da9eba6a26b6f67e0208f9e)] -> css selector: span[class*='oxd-main-menu-item--name']] displayed</small> </font> </div>
<div class="test-event"> <font color="maroon"> <small> &emsp; &emsp;--- 25 Jan 11:01:59 510 - PIM Element displayed</small> </font> </div>
<div class="test-event"> <font color="maroon"> <small> &emsp; &emsp;--- 25 Jan 11:01:59 552 - Webelement dimension: (39, 19)</small> </font> </div>
<div class="test-event"> <font color="maroon"> <small> &emsp; &emsp;--- 25 Jan 11:02:00 640 - Clicked on PIM</small> </font> </div>
<div class="test-message">&emsp;Main menu : PIM selected&emsp;<a href=".\ScreenShot\TC301_18.png" target="_blank" >[ScreenShot]</a></div>
<div class="test-event"> <font color="maroon"> <small> &emsp; &emsp;--- 25 Jan 11:02:00 855 - Page URL:: https://opensource-demo.orangehrmlive.com/web/index.php/pim/viewemployeelist</small> </font> </div>
<div class="test-event"> <font color="maroon"> <small> &emsp; &emsp;--- 25 Jan 11:02:00 855 - <b>0</b> - Page Load Wait: (Sync) - com.OrangeHRM.utils.WaitUtils.waitForPageLoad(WaitUtils.java:50)</small> </font> </div>
<div class="test-event"> <font color="maroon"> <small> &emsp; &emsp;--- 25 Jan 11:02:01 252 - [[ChromeDriver: chrome on windows (091e265e7da9eba6a26b6f67e0208f9e)] -> css selector: h6[class*='oxd-topbar-header']] displayed</small> </font> </div>
<div class="test-event"> <font color="maroon"> <small> &emsp; &emsp;--- 25 Jan 11:02:01 291 - Webelement dimension: (109, 31)</small> </font> </div>
<div class="test-event"> <font color="maroon"> <small> &emsp; &emsp;--- 25 Jan 11:02:01 990 - Clicked on Add button</small> </font> </div>
<div class="test-event"> <font color="maroon"> <small> &emsp; &emsp;--- 25 Jan 11:02:03 107 - Entered value Rhea in FirstName</small> </font> </div>
<div class="test-event"> <font color="maroon"> <small> &emsp; &emsp;--- 25 Jan 11:02:03 571 - Entered value Jenkins in LastName</small> </font> </div>
<div class="test-event"> <font color="maroon"> <small> &emsp; &emsp;--- 25 Jan 11:02:04 001 - Entered value 38 in Employeee Id</small> </font> </div>
<div class="test-event"> <font color="maroon"> <small> &emsp; &emsp;--- 25 Jan 11:02:04 031 - Webelement dimension: (33, 17)</small> </font> </div>
<div class="test-event"> <font color="maroon"> <small> &emsp; &emsp;--- 25 Jan 11:02:04 101 - Clicked on Create login details</small> </font> </div>
<div class="test-event"> <font color="maroon"> <small> &emsp; &emsp;--- 25 Jan 11:02:04 165 - Username Element displayed</small> </font> </div>
<div class="test-event"> <font color="maroon"> <small> &emsp; &emsp;--- 25 Jan 11:02:04 756 - Entered value laveta.braun in Username</small> </font> </div>
<div class="test-message">&emsp;Username: laveta.braun selected&emsp;<a href=".\ScreenShot\TC301_19.png" target="_blank" >[ScreenShot]</a></div>
<div class="test-event"> <font color="maroon"> <small> &emsp; &emsp;--- 25 Jan 11:02:05 031 - Password Element displayed</small> </font> </div>
<div class="test-event"> <font color="maroon"> <small> &emsp; &emsp;--- 25 Jan 11:02:05 487 - Entered value 0oiod6nv in Password</small> </font> </div>
<div class="test-message">&emsp;Password: 0oiod6nv selected&emsp;<a href=".\ScreenShot\TC301_20.png" target="_blank" >[ScreenShot]</a></div>
<div class="test-event"> <font color="maroon"> <small> &emsp; &emsp;--- 25 Jan 11:02:05 823 - Confirm Password Element displayed</small> </font> </div>
<div class="test-event"> <font color="maroon"> <small> &emsp; &emsp;--- 25 Jan 11:02:06 327 - Entered value 0oiod6nv in Confirm Password</small> </font> </div>
<div class="test-message">&emsp;Confirm Password: 0oiod6nv selected&emsp;<a href=".\ScreenShot\TC301_21.png" target="_blank" >[ScreenShot]</a></div>
<div class="test-event"> <font color="maroon"> <small> &emsp; &emsp;--- 25 Jan 11:02:06 625 - Webelement dimension: (100, 31)</small> </font> </div>
<div class="test-event"> <font color="maroon"> <small> &emsp; &emsp;--- 25 Jan 11:02:06 701 - Clicked on Save button</small> </font> </div>
<div class="test-event"> <font color="maroon"> <small> &emsp; &emsp;--- 25 Jan 11:02:08 784 - [[ChromeDriver: chrome on windows (091e265e7da9eba6a26b6f67e0208f9e)] -> css selector: div[class*='oxd-toast--success']] displayed</small> </font> </div>
<div class="test-event"> <font color="maroon"> <small> &emsp; &emsp;--- 25 Jan 11:02:08 836 - Webelement dimension: (159, 54)</small> </font> </div>
<div class="test-event"> <font color="maroon"> <small> &emsp; &emsp;--- 25 Jan 11:02:08 947 - Clicked on User profile</small> </font> </div>
<div class="test-event"> <font color="maroon"> <small> &emsp; &emsp;--- 25 Jan 11:02:09 009 - Webelement dimension: (160, 28)</small> </font> </div>
<div class="test-event"> <font color="maroon"> <small> &emsp; &emsp;--- 25 Jan 11:02:09 923 - Clicked on Logout button</small> </font> </div>
<div class="test-message">&emsp;Logout to application&emsp;<a href=".\ScreenShot\TC301_22.png" target="_blank" >[ScreenShot]</a></div>
<div class="test-event"> <font color="maroon"> <small> &emsp; &emsp;--- 25 Jan 11:02:10 202 - Page URL:: https://opensource-demo.orangehrmlive.com/web/index.php/auth/login</small> </font> </div>
<div class="test-event"> <font color="maroon"> <small> &emsp; &emsp;--- 25 Jan 11:02:10 203 - <b>0</b> - Page Load Wait: (Sync) - com.OrangeHRM.utils.WaitUtils.waitForPageLoad(WaitUtils.java:50)</small> </font> </div>
<div class="test-event"> <font color="maroon"> <small> &emsp; &emsp;--- 25 Jan 11:02:10 535 - [[ChromeDriver: chrome on windows (091e265e7da9eba6a26b6f67e0208f9e)] -> css selector: button[class*='orangehrm-login-button']] displayed</small> </font> </div>
<div class="test-event"> <font color="maroon"> <small> &emsp; &emsp;--- 25 Jan 11:02:10 883 - Entered value laveta.braun in Username field</small> </font> </div>
<div class="test-event"> <font color="maroon"> <small> &emsp; &emsp;--- 25 Jan 11:02:11 281 - Entered value 0oiod6nv in Password field</small> </font> </div>
<div class="test-event"> <font color="maroon"> <small> &emsp; &emsp;--- 25 Jan 11:02:11 317 - Webelement dimension: (419, 46)</small> </font> </div>
<div class="test-event"> <font color="maroon"> <small> &emsp; &emsp;--- 25 Jan 11:02:11 386 - Clicked on Login button</small> </font> </div>
<div class="test-message">&emsp;Login to Application&emsp;<a href=".\ScreenShot\TC301_23.png" target="_blank" >[ScreenShot]</a></div>
<div class="test-event"> <font color="maroon"> <small> &emsp; &emsp;--- 25 Jan 11:02:17 082 - Page URL:: https://opensource-demo.orangehrmlive.com/web/index.php/dashboard/index</small> </font> </div>
<div class="test-event"> <font color="maroon"> <small> &emsp; &emsp;--- 25 Jan 11:02:17 083 - <b>0</b> - Page Load Wait: (Sync) - com.OrangeHRM.utils.WaitUtils.waitForPageLoad(WaitUtils.java:50)</small> </font> </div>
<div class="test-event"> <font color="maroon"> <small> &emsp; &emsp;--- 25 Jan 11:02:17 116 - [[ChromeDriver: chrome on windows (091e265e7da9eba6a26b6f67e0208f9e)] -> css selector: p[class*='orangehrm-copyright']] displayed</small> </font> </div>
<div class="test-event"> <font color="maroon"> <small> &emsp; &emsp;--- 25 Jan 11:02:17 150 - [[ChromeDriver: chrome on windows (091e265e7da9eba6a26b6f67e0208f9e)] -> css selector: span[class*='oxd-main-menu-item--name']] displayed</small> </font> </div>
<div class="test-event"> <font color="maroon"> <small> &emsp; &emsp;--- 25 Jan 11:02:17 181 - Time Element displayed</small> </font> </div>
<div class="test-event"> <font color="maroon"> <small> &emsp; &emsp;--- 25 Jan 11:02:17 203 - Webelement dimension: (45, 19)</small> </font> </div>
<div class="test-event"> <font color="maroon"> <small> &emsp; &emsp;--- 25 Jan 11:02:18 715 - Clicked on Time</small> </font> </div>
<div class="test-message">&emsp;Main menu : Time selected&emsp;<a href=".\ScreenShot\TC301_24.png" target="_blank" >[ScreenShot]</a></div>
<div class="test-event"> <font color="maroon"> <small> &emsp; &emsp;--- 25 Jan 11:02:18 909 - Page URL:: https://opensource-demo.orangehrmlive.com/web/index.php/time/viewmytimesheet</small> </font> </div>
<div class="test-event"> <font color="maroon"> <small> &emsp; &emsp;--- 25 Jan 11:02:18 911 - <b>0</b> - Page Load Wait: (Sync) - com.OrangeHRM.utils.WaitUtils.waitForPageLoad(WaitUtils.java:50)</small> </font> </div>
<div class="test-event"> <font color="maroon"> <small> &emsp; &emsp;--- 25 Jan 11:02:19 827 - [[ChromeDriver: chrome on windows (091e265e7da9eba6a26b6f67e0208f9e)] -> xpath: //h6[text()='My Timesheet']] displayed</small> </font> </div>
<div class="test-event"> <font color="maroon"> <small> &emsp; &emsp;--- 25 Jan 11:02:21 295 - Webelement dimension: (109, 31)</small> </font> </div>
<div class="test-event"> <font color="maroon"> <small> &emsp; &emsp;--- 25 Jan 11:02:21 418 - Clicked on Submit button</small> </font> </div>
<div class="test-event"> <font color="maroon"> <small> &emsp; &emsp;--- 25 Jan 11:02:22 055 - [[ChromeDriver: chrome on windows (091e265e7da9eba6a26b6f67e0208f9e)] -> css selector: div[class*='oxd-toast--success']] displayed</small> </font> </div>
<div class="test-event"> <font color="maroon"> <small> &emsp; &emsp;--- 25 Jan 11:02:22 940 - WebElement: [[ChromeDriver: chrome on windows (091e265e7da9eba6a26b6f67e0208f9e)] -> xpath: //p[text()='Status: Submitted']]</small> </font> </div>
<div class="test-event"> <font color="maroon"> <small> &emsp; &emsp;--- 25 Jan 11:02:23 006 - Submitted Label displayed</small> </font> </div>
<div class="test-event"> <font color="maroon"> <small> &emsp; &emsp;--- 25 Jan 11:02:23 066 - Table rows Element displayed</small> </font> </div>
<div class="test-event"> <font color="maroon"> <small> &emsp; &emsp;--- 25 Jan 11:02:23 097 - Table rows elements displayed size: 1</small> </font> </div>
<div class="test-event"> <font color="maroon"> <small> &emsp; &emsp;--- 25 Jan 11:02:23 174 - Text value displayed for Table field : Submitted</small> </font> </div>
<div class="test-event"> <font color="maroon"> <small> &emsp; &emsp;--- 25 Jan 11:02:23 221 - Text value displayed for Table field : Rhea Jenkins</small> </font> </div>
<div class="test-event"> <font color="maroon"> <small> &emsp; &emsp;--- 25 Jan 11:02:23 316 - Text value displayed for Table field : 2024-01-25</small> </font> </div>
<div class="test-event"> <font color="maroon"> <small> &emsp; &emsp;--- 25 Jan 11:02:23 333 - WebDriver session: ChromeDriver: chrome on windows (091e265e7da9eba6a26b6f67e0208f9e)</small> </font> </div>
<div class="test-message">&emsp;Leave Details is verified successfully&emsp;<a href=".\ScreenShot\TC301_25.png" target="_blank" >[ScreenShot]</a></div>
<div class="test-result"><br><font color="green"><strong> Test Passed. </strong></font> </div>&emsp;
<div class="test-event"> <font color="maroon"> <small> &emsp; &emsp;--- 25 Jan 11:02:23 579 - WebDriver session: ChromeDriver: chrome on windows (091e265e7da9eba6a26b6f67e0208f9e)</small> </font> </div>]]>
    </system-out>
  </testcase> <!-- TC301 -->
  <system-out>
    <![CDATA[<div class="test-event"> <font color="maroon"> <small> &emsp; &emsp;--- 25 Jan 10:55:24 923 - TestCaseID:: TC401</small> </font> </div>
<div class="test-event"> <font color="maroon"> <small> &emsp; &emsp;--- 25 Jan 10:55:27 650 - <b>3</b> - Driver::initialize::Get - com.OrangeHRM.utils.WebDriverFactory.getDriver(WebDriverFactory.java:756)</small> </font> </div>
<div class="test-event"> <font color="maroon"> <small> &emsp; &emsp;--- 25 Jan 10:55:27 652 - WebDriver session: ChromeDriver: chrome on windows (d74eb5393193bac759316234dacec07a)</small> </font> </div>
&emsp;<div class="test-title"> <strong><font size = "3" color = "#000080">Add new candidate and Hire</font> </strong> </div>&emsp;<div><strong>Steps:</strong></div><!-- Report -->&emsp;
<div class="test-event"> <font color="maroon"> <small> &emsp; &emsp;--- 25 Jan 10:55:27 742 - Fetching test data from excel sheet</small> </font> </div>
<div class="test-event"> <font color="maroon"> <small> &emsp; &emsp;--- 25 Jan 10:55:44 338 - Entered value Admin in Username field</small> </font> </div>
<div class="test-event"> <font color="maroon"> <small> &emsp; &emsp;--- 25 Jan 10:55:44 831 - Entered value admin123 in Password field</small> </font> </div>
<div class="test-event"> <font color="maroon"> <small> &emsp; &emsp;--- 25 Jan 10:55:44 914 - Webelement dimension: (419, 46)</small> </font> </div>
<div class="test-event"> <font color="maroon"> <small> &emsp; &emsp;--- 25 Jan 10:55:45 040 - Clicked on Login button</small> </font> </div>
<div class="test-message">&emsp;Login to Application&emsp;<a href=".\ScreenShot\TC401_1.png" target="_blank" >[ScreenShot]</a></div>
<div class="test-event"> <font color="maroon"> <small> &emsp; &emsp;--- 25 Jan 11:00:28 636 - Page URL:: https://opensource-demo.orangehrmlive.com/web/index.php/dashboard/index</small> </font> </div>
<div class="test-event"> <font color="maroon"> <small> &emsp; &emsp;--- 25 Jan 11:00:28 638 - <b>0</b> - Page Load Wait: (Sync) - com.OrangeHRM.utils.WaitUtils.waitForPageLoad(WaitUtils.java:50)</small> </font> </div>
<div class="test-event"> <font color="maroon"> <small> &emsp; &emsp;--- 25 Jan 11:00:28 728 - [[ChromeDriver: chrome on windows (d74eb5393193bac759316234dacec07a)] -> css selector: p[class*='orangehrm-copyright']] displayed</small> </font> </div>
<div class="test-event"> <font color="maroon"> <small> &emsp; &emsp;--- 25 Jan 11:00:28 777 - [[ChromeDriver: chrome on windows (d74eb5393193bac759316234dacec07a)] -> css selector: p.oxd-userdropdown-name] displayed</small> </font> </div>
<div class="test-event"> <font color="maroon"> <small> &emsp; &emsp;--- 25 Jan 11:00:28 876 - [[ChromeDriver: chrome on windows (d74eb5393193bac759316234dacec07a)] -> css selector: span[class*='oxd-main-menu-item--name']] displayed</small> </font> </div>
<div class="test-event"> <font color="maroon"> <small> &emsp; &emsp;--- 25 Jan 11:00:28 988 - Recruitment Element displayed</small> </font> </div>
<div class="test-event"> <font color="maroon"> <small> &emsp; &emsp;--- 25 Jan 11:00:29 019 - Webelement dimension: (91, 19)</small> </font> </div>
<div class="test-event"> <font color="maroon"> <small> &emsp; &emsp;--- 25 Jan 11:00:30 337 - Clicked on Recruitment</small> </font> </div>
<div class="test-message">&emsp;Main menu : Recruitment selected&emsp;<a href=".\ScreenShot\TC401_2.png" target="_blank" >[ScreenShot]</a></div>
<div class="test-event"> <font color="maroon"> <small> &emsp; &emsp;--- 25 Jan 11:00:35 027 - Page URL:: https://opensource-demo.orangehrmlive.com/web/index.php/recruitment/viewcandidates</small> </font> </div>
<div class="test-event"> <font color="maroon"> <small> &emsp; &emsp;--- 25 Jan 11:00:35 028 - <b>0</b> - Page Load Wait: (Sync) - com.OrangeHRM.utils.WaitUtils.waitForPageLoad(WaitUtils.java:50)</small> </font> </div>
<div class="test-event"> <font color="maroon"> <small> &emsp; &emsp;--- 25 Jan 11:00:35 084 - [[ChromeDriver: chrome on windows (d74eb5393193bac759316234dacec07a)] -> xpath: //h6[text()='Recruitment']] displayed</small> </font> </div>
<div class="test-event"> <font color="maroon"> <small> &emsp; &emsp;--- 25 Jan 11:00:35 121 - Webelement dimension: (109, 31)</small> </font> </div>
<div class="test-event"> <font color="maroon"> <small> &emsp; &emsp;--- 25 Jan 11:00:35 779 - Clicked on Add button</small> </font> </div>
<div class="test-event"> <font color="maroon"> <small> &emsp; &emsp;--- 25 Jan 11:00:36 998 - Entered value Ignacia in FirstName</small> </font> </div>
<div class="test-event"> <font color="maroon"> <small> &emsp; &emsp;--- 25 Jan 11:00:37 415 - Entered value Schaden in LastName</small> </font> </div>
<div class="test-event"> <font color="maroon"> <small> &emsp; &emsp;--- 25 Jan 11:00:37 483 - Vacancy Element displayed</small> </font> </div>
<div class="test-event"> <font color="maroon"> <small> &emsp; &emsp;--- 25 Jan 11:00:37 519 - Webelement dimension: (273, 45)</small> </font> </div>
<div class="test-event"> <font color="maroon"> <small> &emsp; &emsp;--- 25 Jan 11:00:37 586 - Clicked on Vacancy</small> </font> </div>
<div class="test-event"> <font color="maroon"> <small> &emsp; &emsp;--- 25 Jan 11:00:37 644 - Options elements displayed: 7</small> </font> </div>
<div class="test-event"> <font color="maroon"> <small> &emsp; &emsp;--- 25 Jan 11:00:37 701 - Options elements displayed size: 7</small> </font> </div>
<div class="test-event"> <font color="maroon"> <small> &emsp; &emsp;--- 25 Jan 11:00:37 887 - Vacancy Element displayed</small> </font> </div>
<div class="test-event"> <font color="maroon"> <small> &emsp; &emsp;--- 25 Jan 11:00:38 017 - Webelement dimension: (116, 16)</small> </font> </div>
<div class="test-event"> <font color="maroon"> <small> &emsp; &emsp;--- 25 Jan 11:00:38 135 - Clicked on Associate IT Manager</small> </font> </div>
<div class="test-message">&emsp;Vacancy: Associate IT Manager selected&emsp;<a href=".\ScreenShot\TC401_3.png" target="_blank" >[ScreenShot]</a></div>
<div class="test-event"> <font color="maroon"> <small> &emsp; &emsp;--- 25 Jan 11:00:38 423 - Email Element displayed</small> </font> </div>
<div class="test-event"> <font color="maroon"> <small> &emsp; &emsp;--- 25 Jan 11:00:39 010 - Entered value corey.reilly@gmail.com in Email</small> </font> </div>
<div class="test-message">&emsp;Email: corey.reilly@gmail.com selected&emsp;<a href=".\ScreenShot\TC401_4.png" target="_blank" >[ScreenShot]</a></div>
<div class="test-event"> <font color="maroon"> <small> &emsp; &emsp;--- 25 Jan 11:00:39 284 - Date of Application Element displayed</small> </font> </div>
<div class="test-event"> <font color="maroon"> <small> &emsp; &emsp;--- 25 Jan 11:00:39 818 - Entered value 1971-01-12 in Date of Application</small> </font> </div>
<div class="test-message">&emsp;Date of Application: 1971-01-12 selected&emsp;<a href=".\ScreenShot\TC401_5.png" target="_blank" >[ScreenShot]</a></div>
<div class="test-event"> <font color="maroon"> <small> &emsp; &emsp;--- 25 Jan 11:00:40 087 - Contact Number Element displayed</small> </font> </div>
<div class="test-event"> <font color="maroon"> <small> &emsp; &emsp;--- 25 Jan 11:00:40 659 - Entered value 9046822645 in Contact Number</small> </font> </div>
<div class="test-message">&emsp;Contact Number: 9046822645 selected&emsp;<a href=".\ScreenShot\TC401_6.png" target="_blank" >[ScreenShot]</a></div>
<div class="test-event"> <font color="maroon"> <small> &emsp; &emsp;--- 25 Jan 11:00:40 941 - Webelement dimension: (100, 31)</small> </font> </div>
<div class="test-event"> <font color="maroon"> <small> &emsp; &emsp;--- 25 Jan 11:00:41 047 - Clicked on Save candidate</small> </font> </div>
<div class="test-event"> <font color="maroon"> <small> &emsp; &emsp;--- 25 Jan 11:00:41 699 - [[ChromeDriver: chrome on windows (d74eb5393193bac759316234dacec07a)] -> css selector: div[class*='oxd-toast--success']] displayed</small> </font> </div>
<div class="test-event"> <font color="maroon"> <small> &emsp; &emsp;--- 25 Jan 11:00:45 663 - [[ChromeDriver: chrome on windows (d74eb5393193bac759316234dacec07a)] -> xpath: //p[text()='Status: Application Initiated']] displayed</small> </font> </div>
<div class="test-event"> <font color="maroon"> <small> &emsp; &emsp;--- 25 Jan 11:00:46 013 - Webelement dimension: (118, 30)</small> </font> </div>
<div class="test-event"> <font color="maroon"> <small> &emsp; &emsp;--- 25 Jan 11:00:46 747 - Clicked on Shortlist Candidate</small> </font> </div>
<div class="test-message">&emsp;Candidate :Shortlist in interview&emsp;<a href=".\ScreenShot\TC401_7.png" target="_blank" >[ScreenShot]</a></div>
<div class="test-event"> <font color="maroon"> <small> &emsp; &emsp;--- 25 Jan 11:00:47 365 - Webelement dimension: (100, 31)</small> </font> </div>
<div class="test-event"> <font color="maroon"> <small> &emsp; &emsp;--- 25 Jan 11:00:47 665 - Clicked on Save candidate</small> </font> </div>
<div class="test-event"> <font color="maroon"> <small> &emsp; &emsp;--- 25 Jan 11:00:48 358 - [[ChromeDriver: chrome on windows (d74eb5393193bac759316234dacec07a)] -> css selector: div[class*='oxd-toast--success']] displayed</small> </font> </div>
<div class="test-event"> <font color="maroon"> <small> &emsp; &emsp;--- 25 Jan 11:00:52 425 - [[ChromeDriver: chrome on windows (d74eb5393193bac759316234dacec07a)] -> xpath: //p[text()='Status: Shortlisted']] displayed</small> </font> </div>
<div class="test-event"> <font color="maroon"> <small> &emsp; &emsp;--- 25 Jan 11:00:53 022 - Webelement dimension: (185, 30)</small> </font> </div>
<div class="test-event"> <font color="maroon"> <small> &emsp; &emsp;--- 25 Jan 11:00:53 710 - Clicked on Schedule Interview</small> </font> </div>
<div class="test-message">&emsp;Candidate :Schedule in interview&emsp;<a href=".\ScreenShot\TC401_8.png" target="_blank" >[ScreenShot]</a></div>
<div class="test-event"> <font color="maroon"> <small> &emsp; &emsp;--- 25 Jan 11:00:54 557 - Interview Title Element displayed</small> </font> </div>
<div class="test-event"> <font color="maroon"> <small> &emsp; &emsp;--- 25 Jan 11:00:55 232 - Entered value Product Usability Strategist in Interview Title</small> </font> </div>
<div class="test-message">&emsp;Interview Title: Product Usability Strategist selected&emsp;<a href=".\ScreenShot\TC401_9.png" target="_blank" >[ScreenShot]</a></div>
<div class="test-event"> <font color="maroon"> <small> &emsp; &emsp;--- 25 Jan 11:00:55 456 - Date Element displayed</small> </font> </div>
<div class="test-event"> <font color="maroon"> <small> &emsp; &emsp;--- 25 Jan 11:00:56 090 - Entered value 1971-01-12 in Date</small> </font> </div>
<div class="test-message">&emsp;Date: 1971-01-12 selected&emsp;<a href=".\ScreenShot\TC401_10.png" target="_blank" >[ScreenShot]</a></div>
<div class="test-event"> <font color="maroon"> <small> &emsp; &emsp;--- 25 Jan 11:00:59 007 - Options Element displayed</small> </font> </div>
<div class="test-event"> <font color="maroon"> <small> &emsp; &emsp;--- 25 Jan 11:00:59 043 - Options elements displayed size: 1</small> </font> </div>
<div class="test-event"> <font color="maroon"> <small> &emsp; &emsp;--- 25 Jan 11:00:59 086 - Webelement dimension: (263, 35)</small> </font> </div>
<div class="test-event"> <font color="maroon"> <small> &emsp; &emsp;--- 25 Jan 11:00:59 164 - Clicked on Option field</small> </font> </div>
<div class="test-message">&emsp;Interviewer Name: Harry Potter selected&emsp;<a href=".\ScreenShot\TC401_11.png" target="_blank" >[ScreenShot]</a></div>
<div class="test-event"> <font color="maroon"> <small> &emsp; &emsp;--- 25 Jan 11:00:59 493 - Webelement dimension: (100, 31)</small> </font> </div>
<div class="test-event"> <font color="maroon"> <small> &emsp; &emsp;--- 25 Jan 11:00:59 564 - Clicked on Save Schedule Interview</small> </font> </div>
<div class="test-event"> <font color="maroon"> <small> &emsp; &emsp;--- 25 Jan 11:01:00 244 - [[ChromeDriver: chrome on windows (d74eb5393193bac759316234dacec07a)] -> css selector: div[class*='oxd-toast--success']] displayed</small> </font> </div>
<div class="test-event"> <font color="maroon"> <small> &emsp; &emsp;--- 25 Jan 11:01:04 612 - [[ChromeDriver: chrome on windows (d74eb5393193bac759316234dacec07a)] -> xpath: //p[text()='Status: Interview Scheduled']] displayed</small> </font> </div>
<div class="test-event"> <font color="maroon"> <small> &emsp; &emsp;--- 25 Jan 11:01:05 260 - Webelement dimension: (208, 30)</small> </font> </div>
<div class="test-event"> <font color="maroon"> <small> &emsp; &emsp;--- 25 Jan 11:01:05 962 - Clicked on Mark Interview Passed</small> </font> </div>
<div class="test-event"> <font color="maroon"> <small> &emsp; &emsp;--- 25 Jan 11:01:06 620 - Webelement dimension: (100, 31)</small> </font> </div>
<div class="test-event"> <font color="maroon"> <small> &emsp; &emsp;--- 25 Jan 11:01:07 058 - Clicked on Save Mark Interview Passed</small> </font> </div>
<div class="test-event"> <font color="maroon"> <small> &emsp; &emsp;--- 25 Jan 11:01:07 728 - [[ChromeDriver: chrome on windows (d74eb5393193bac759316234dacec07a)] -> css selector: div[class*='oxd-toast--success']] displayed</small> </font> </div>
<div class="test-event"> <font color="maroon"> <small> &emsp; &emsp;--- 25 Jan 11:01:11 682 - [[ChromeDriver: chrome on windows (d74eb5393193bac759316234dacec07a)] -> xpath: //p[text()='Status: Interview Passed']] displayed</small> </font> </div>
<div class="test-event"> <font color="maroon"> <small> &emsp; &emsp;--- 25 Jan 11:01:12 011 - Webelement dimension: (121, 30)</small> </font> </div>
<div class="test-event"> <font color="maroon"> <small> &emsp; &emsp;--- 25 Jan 11:01:12 637 - Clicked on Offer Job</small> </font> </div>
<div class="test-message">&emsp;Candidate got offer&emsp;<a href=".\ScreenShot\TC401_12.png" target="_blank" >[ScreenShot]</a></div>
<div class="test-event"> <font color="maroon"> <small> &emsp; &emsp;--- 25 Jan 11:01:13 222 - Webelement dimension: (100, 31)</small> </font> </div>
<div class="test-event"> <font color="maroon"> <small> &emsp; &emsp;--- 25 Jan 11:01:13 675 - Clicked on Save Offer Job</small> </font> </div>
<div class="test-event"> <font color="maroon"> <small> &emsp; &emsp;--- 25 Jan 11:01:14 356 - [[ChromeDriver: chrome on windows (d74eb5393193bac759316234dacec07a)] -> css selector: div[class*='oxd-toast--success']] displayed</small> </font> </div>
<div class="test-event"> <font color="maroon"> <small> &emsp; &emsp;--- 25 Jan 11:01:18 138 - [[ChromeDriver: chrome on windows (d74eb5393193bac759316234dacec07a)] -> xpath: //p[text()='Status: Job Offered']] displayed</small> </font> </div>
<div class="test-event"> <font color="maroon"> <small> &emsp; &emsp;--- 25 Jan 11:01:18 460 - Webelement dimension: (100, 30)</small> </font> </div>
<div class="test-event"> <font color="maroon"> <small> &emsp; &emsp;--- 25 Jan 11:01:19 118 - Clicked on Hire</small> </font> </div>
<div class="test-message">&emsp;Candidate Hired&emsp;<a href=".\ScreenShot\TC401_13.png" target="_blank" >[ScreenShot]</a></div>
<div class="test-event"> <font color="maroon"> <small> &emsp; &emsp;--- 25 Jan 11:01:19 675 - Webelement dimension: (100, 31)</small> </font> </div>
<div class="test-event"> <font color="maroon"> <small> &emsp; &emsp;--- 25 Jan 11:01:20 030 - Clicked on Save Hire Candidate</small> </font> </div>
<div class="test-event"> <font color="maroon"> <small> &emsp; &emsp;--- 25 Jan 11:01:20 764 - [[ChromeDriver: chrome on windows (d74eb5393193bac759316234dacec07a)] -> css selector: div[class*='oxd-toast--success']] displayed</small> </font> </div>
<div class="test-event"> <font color="maroon"> <small> &emsp; &emsp;--- 25 Jan 11:01:24 836 - [[ChromeDriver: chrome on windows (d74eb5393193bac759316234dacec07a)] -> xpath: //p[text()='Status: Hired']] displayed</small> </font> </div>
<div class="test-event"> <font color="maroon"> <small> &emsp; &emsp;--- 25 Jan 11:01:24 877 - [[ChromeDriver: chrome on windows (d74eb5393193bac759316234dacec07a)] -> css selector: span[class*='oxd-main-menu-item--name']] displayed</small> </font> </div>
<div class="test-event"> <font color="maroon"> <small> &emsp; &emsp;--- 25 Jan 11:01:24 910 - Recruitment Element displayed</small> </font> </div>
<div class="test-event"> <font color="maroon"> <small> &emsp; &emsp;--- 25 Jan 11:01:24 931 - Webelement dimension: (91, 19)</small> </font> </div>
<div class="test-event"> <font color="maroon"> <small> &emsp; &emsp;--- 25 Jan 11:01:26 059 - Clicked on Recruitment</small> </font> </div>
<div class="test-message">&emsp;Main menu : Recruitment selected&emsp;<a href=".\ScreenShot\TC401_14.png" target="_blank" >[ScreenShot]</a></div>
<div class="test-event"> <font color="maroon"> <small> &emsp; &emsp;--- 25 Jan 11:01:26 261 - Page URL:: https://opensource-demo.orangehrmlive.com/web/index.php/recruitment/viewcandidates</small> </font> </div>
<div class="test-event"> <font color="maroon"> <small> &emsp; &emsp;--- 25 Jan 11:01:26 262 - <b>0</b> - Page Load Wait: (Sync) - com.OrangeHRM.utils.WaitUtils.waitForPageLoad(WaitUtils.java:50)</small> </font> </div>
<div class="test-event"> <font color="maroon"> <small> &emsp; &emsp;--- 25 Jan 11:01:26 581 - [[ChromeDriver: chrome on windows (d74eb5393193bac759316234dacec07a)] -> xpath: //h6[text()='Recruitment']] displayed</small> </font> </div>
<div class="test-event"> <font color="maroon"> <small> &emsp; &emsp;--- 25 Jan 11:01:30 081 - Options Element displayed</small> </font> </div>
<div class="test-event"> <font color="maroon"> <small> &emsp; &emsp;--- 25 Jan 11:01:30 102 - Webelement dimension: (189, 35)</small> </font> </div>
<div class="test-event"> <font color="maroon"> <small> &emsp; &emsp;--- 25 Jan 11:01:30 158 - Clicked on Option field</small> </font> </div>
<div class="test-message">&emsp;Employee Name: Ignacia Schaden selected&emsp;<a href=".\ScreenShot\TC401_15.png" target="_blank" >[ScreenShot]</a></div>
<div class="test-event"> <font color="maroon"> <small> &emsp; &emsp;--- 25 Jan 11:01:30 404 - Webelement dimension: (107, 31)</small> </font> </div>
<div class="test-event"> <font color="maroon"> <small> &emsp; &emsp;--- 25 Jan 11:01:30 463 - Clicked on Search button</small> </font> </div>
<div class="test-event"> <font color="maroon"> <small> &emsp; &emsp;--- 25 Jan 11:01:31 036 - Table rows Element displayed</small> </font> </div>
<div class="test-event"> <font color="maroon"> <small> &emsp; &emsp;--- 25 Jan 11:01:31 065 - Table rows elements displayed size: 1</small> </font> </div>
<div class="test-event"> <font color="maroon"> <small> &emsp; &emsp;--- 25 Jan 11:01:31 167 - Text value displayed for Table field : Associate IT Manager</small> </font> </div>
<div class="test-event"> <font color="maroon"> <small> &emsp; &emsp;--- 25 Jan 11:01:31 213 - Text value displayed for Table field : Ignacia Schaden</small> </font> </div>
<div class="test-event"> <font color="maroon"> <small> &emsp; &emsp;--- 25 Jan 11:01:31 249 - Text value displayed for Table field : Odis Adalwin</small> </font> </div>
<div class="test-event"> <font color="maroon"> <small> &emsp; &emsp;--- 25 Jan 11:01:31 289 - Text value displayed for Table field : 1971-01-12</small> </font> </div>
<div class="test-event"> <font color="maroon"> <small> &emsp; &emsp;--- 25 Jan 11:01:31 328 - Text value displayed for Table field : Hired</small> </font> </div>
<div class="test-event"> <font color="maroon"> <small> &emsp; &emsp;--- 25 Jan 11:01:31 342 - WebDriver session: ChromeDriver: chrome on windows (d74eb5393193bac759316234dacec07a)</small> </font> </div>
<div class="test-message">&emsp;Candidate Details is verified successfully&emsp;<a href=".\ScreenShot\TC401_16.png" target="_blank" >[ScreenShot]</a></div>
<div class="test-result"><br><font color="green"><strong> Test Passed. </strong></font> </div>&emsp;
<div class="test-event"> <font color="maroon"> <small> &emsp; &emsp;--- 25 Jan 11:01:31 546 - WebDriver session: ChromeDriver: chrome on windows (d74eb5393193bac759316234dacec07a)</small> </font> </div>
<div class="test-event"> <font color="maroon"> <small> &emsp; &emsp;--- 25 Jan 11:01:32 395 - TestCaseID:: TC301</small> </font> </div>
<div class="test-event"> <font color="maroon"> <small> &emsp; &emsp;--- 25 Jan 11:01:35 024 - <b>2</b> - Driver::initialize::Get - com.OrangeHRM.utils.WebDriverFactory.getDriver(WebDriverFactory.java:756)</small> </font> </div>
<div class="test-event"> <font color="maroon"> <small> &emsp; &emsp;--- 25 Jan 11:01:35 025 - WebDriver session: ChromeDriver: chrome on windows (091e265e7da9eba6a26b6f67e0208f9e)</small> </font> </div>
&emsp;<div class="test-title"> <strong><font size = "3" color = "#000080">create timesheet and submit</font> </strong> </div>&emsp;<div><strong>Steps:</strong></div><!-- Report -->&emsp;
<div class="test-event"> <font color="maroon"> <small> &emsp; &emsp;--- 25 Jan 11:01:35 027 - Fetching test data from excel sheet</small> </font> </div>
<div class="test-event"> <font color="maroon"> <small> &emsp; &emsp;--- 25 Jan 11:01:54 095 - Entered value Admin in Username field</small> </font> </div>
<div class="test-event"> <font color="maroon"> <small> &emsp; &emsp;--- 25 Jan 11:01:54 465 - Entered value admin123 in Password field</small> </font> </div>
<div class="test-event"> <font color="maroon"> <small> &emsp; &emsp;--- 25 Jan 11:01:54 487 - Webelement dimension: (419, 46)</small> </font> </div>
<div class="test-event"> <font color="maroon"> <small> &emsp; &emsp;--- 25 Jan 11:01:54 537 - Clicked on Login button</small> </font> </div>
<div class="test-message">&emsp;Login to Application&emsp;<a href=".\ScreenShot\TC301_17.png" target="_blank" >[ScreenShot]</a></div>
<div class="test-event"> <font color="maroon"> <small> &emsp; &emsp;--- 25 Jan 11:01:59 310 - Page URL:: https://opensource-demo.orangehrmlive.com/web/index.php/dashboard/index</small> </font> </div>
<div class="test-event"> <font color="maroon"> <small> &emsp; &emsp;--- 25 Jan 11:01:59 312 - <b>0</b> - Page Load Wait: (Sync) - com.OrangeHRM.utils.WaitUtils.waitForPageLoad(WaitUtils.java:50)</small> </font> </div>
<div class="test-event"> <font color="maroon"> <small> &emsp; &emsp;--- 25 Jan 11:01:59 373 - [[ChromeDriver: chrome on windows (091e265e7da9eba6a26b6f67e0208f9e)] -> css selector: p[class*='orangehrm-copyright']] displayed</small> </font> </div>
<div class="test-event"> <font color="maroon"> <small> &emsp; &emsp;--- 25 Jan 11:01:59 441 - [[ChromeDriver: chrome on windows (091e265e7da9eba6a26b6f67e0208f9e)] -> css selector: span[class*='oxd-main-menu-item--name']] displayed</small> </font> </div>
<div class="test-event"> <font color="maroon"> <small> &emsp; &emsp;--- 25 Jan 11:01:59 510 - PIM Element displayed</small> </font> </div>
<div class="test-event"> <font color="maroon"> <small> &emsp; &emsp;--- 25 Jan 11:01:59 552 - Webelement dimension: (39, 19)</small> </font> </div>
<div class="test-event"> <font color="maroon"> <small> &emsp; &emsp;--- 25 Jan 11:02:00 640 - Clicked on PIM</small> </font> </div>
<div class="test-message">&emsp;Main menu : PIM selected&emsp;<a href=".\ScreenShot\TC301_18.png" target="_blank" >[ScreenShot]</a></div>
<div class="test-event"> <font color="maroon"> <small> &emsp; &emsp;--- 25 Jan 11:02:00 855 - Page URL:: https://opensource-demo.orangehrmlive.com/web/index.php/pim/viewemployeelist</small> </font> </div>
<div class="test-event"> <font color="maroon"> <small> &emsp; &emsp;--- 25 Jan 11:02:00 855 - <b>0</b> - Page Load Wait: (Sync) - com.OrangeHRM.utils.WaitUtils.waitForPageLoad(WaitUtils.java:50)</small> </font> </div>
<div class="test-event"> <font color="maroon"> <small> &emsp; &emsp;--- 25 Jan 11:02:01 252 - [[ChromeDriver: chrome on windows (091e265e7da9eba6a26b6f67e0208f9e)] -> css selector: h6[class*='oxd-topbar-header']] displayed</small> </font> </div>
<div class="test-event"> <font color="maroon"> <small> &emsp; &emsp;--- 25 Jan 11:02:01 291 - Webelement dimension: (109, 31)</small> </font> </div>
<div class="test-event"> <font color="maroon"> <small> &emsp; &emsp;--- 25 Jan 11:02:01 990 - Clicked on Add button</small> </font> </div>
<div class="test-event"> <font color="maroon"> <small> &emsp; &emsp;--- 25 Jan 11:02:03 107 - Entered value Rhea in FirstName</small> </font> </div>
<div class="test-event"> <font color="maroon"> <small> &emsp; &emsp;--- 25 Jan 11:02:03 571 - Entered value Jenkins in LastName</small> </font> </div>
<div class="test-event"> <font color="maroon"> <small> &emsp; &emsp;--- 25 Jan 11:02:04 001 - Entered value 38 in Employeee Id</small> </font> </div>
<div class="test-event"> <font color="maroon"> <small> &emsp; &emsp;--- 25 Jan 11:02:04 031 - Webelement dimension: (33, 17)</small> </font> </div>
<div class="test-event"> <font color="maroon"> <small> &emsp; &emsp;--- 25 Jan 11:02:04 101 - Clicked on Create login details</small> </font> </div>
<div class="test-event"> <font color="maroon"> <small> &emsp; &emsp;--- 25 Jan 11:02:04 165 - Username Element displayed</small> </font> </div>
<div class="test-event"> <font color="maroon"> <small> &emsp; &emsp;--- 25 Jan 11:02:04 756 - Entered value laveta.braun in Username</small> </font> </div>
<div class="test-message">&emsp;Username: laveta.braun selected&emsp;<a href=".\ScreenShot\TC301_19.png" target="_blank" >[ScreenShot]</a></div>
<div class="test-event"> <font color="maroon"> <small> &emsp; &emsp;--- 25 Jan 11:02:05 031 - Password Element displayed</small> </font> </div>
<div class="test-event"> <font color="maroon"> <small> &emsp; &emsp;--- 25 Jan 11:02:05 487 - Entered value 0oiod6nv in Password</small> </font> </div>
<div class="test-message">&emsp;Password: 0oiod6nv selected&emsp;<a href=".\ScreenShot\TC301_20.png" target="_blank" >[ScreenShot]</a></div>
<div class="test-event"> <font color="maroon"> <small> &emsp; &emsp;--- 25 Jan 11:02:05 823 - Confirm Password Element displayed</small> </font> </div>
<div class="test-event"> <font color="maroon"> <small> &emsp; &emsp;--- 25 Jan 11:02:06 327 - Entered value 0oiod6nv in Confirm Password</small> </font> </div>
<div class="test-message">&emsp;Confirm Password: 0oiod6nv selected&emsp;<a href=".\ScreenShot\TC301_21.png" target="_blank" >[ScreenShot]</a></div>
<div class="test-event"> <font color="maroon"> <small> &emsp; &emsp;--- 25 Jan 11:02:06 625 - Webelement dimension: (100, 31)</small> </font> </div>
<div class="test-event"> <font color="maroon"> <small> &emsp; &emsp;--- 25 Jan 11:02:06 701 - Clicked on Save button</small> </font> </div>
<div class="test-event"> <font color="maroon"> <small> &emsp; &emsp;--- 25 Jan 11:02:08 784 - [[ChromeDriver: chrome on windows (091e265e7da9eba6a26b6f67e0208f9e)] -> css selector: div[class*='oxd-toast--success']] displayed</small> </font> </div>
<div class="test-event"> <font color="maroon"> <small> &emsp; &emsp;--- 25 Jan 11:02:08 836 - Webelement dimension: (159, 54)</small> </font> </div>
<div class="test-event"> <font color="maroon"> <small> &emsp; &emsp;--- 25 Jan 11:02:08 947 - Clicked on User profile</small> </font> </div>
<div class="test-event"> <font color="maroon"> <small> &emsp; &emsp;--- 25 Jan 11:02:09 009 - Webelement dimension: (160, 28)</small> </font> </div>
<div class="test-event"> <font color="maroon"> <small> &emsp; &emsp;--- 25 Jan 11:02:09 923 - Clicked on Logout button</small> </font> </div>
<div class="test-message">&emsp;Logout to application&emsp;<a href=".\ScreenShot\TC301_22.png" target="_blank" >[ScreenShot]</a></div>
<div class="test-event"> <font color="maroon"> <small> &emsp; &emsp;--- 25 Jan 11:02:10 202 - Page URL:: https://opensource-demo.orangehrmlive.com/web/index.php/auth/login</small> </font> </div>
<div class="test-event"> <font color="maroon"> <small> &emsp; &emsp;--- 25 Jan 11:02:10 203 - <b>0</b> - Page Load Wait: (Sync) - com.OrangeHRM.utils.WaitUtils.waitForPageLoad(WaitUtils.java:50)</small> </font> </div>
<div class="test-event"> <font color="maroon"> <small> &emsp; &emsp;--- 25 Jan 11:02:10 535 - [[ChromeDriver: chrome on windows (091e265e7da9eba6a26b6f67e0208f9e)] -> css selector: button[class*='orangehrm-login-button']] displayed</small> </font> </div>
<div class="test-event"> <font color="maroon"> <small> &emsp; &emsp;--- 25 Jan 11:02:10 883 - Entered value laveta.braun in Username field</small> </font> </div>
<div class="test-event"> <font color="maroon"> <small> &emsp; &emsp;--- 25 Jan 11:02:11 281 - Entered value 0oiod6nv in Password field</small> </font> </div>
<div class="test-event"> <font color="maroon"> <small> &emsp; &emsp;--- 25 Jan 11:02:11 317 - Webelement dimension: (419, 46)</small> </font> </div>
<div class="test-event"> <font color="maroon"> <small> &emsp; &emsp;--- 25 Jan 11:02:11 386 - Clicked on Login button</small> </font> </div>
<div class="test-message">&emsp;Login to Application&emsp;<a href=".\ScreenShot\TC301_23.png" target="_blank" >[ScreenShot]</a></div>
<div class="test-event"> <font color="maroon"> <small> &emsp; &emsp;--- 25 Jan 11:02:17 082 - Page URL:: https://opensource-demo.orangehrmlive.com/web/index.php/dashboard/index</small> </font> </div>
<div class="test-event"> <font color="maroon"> <small> &emsp; &emsp;--- 25 Jan 11:02:17 083 - <b>0</b> - Page Load Wait: (Sync) - com.OrangeHRM.utils.WaitUtils.waitForPageLoad(WaitUtils.java:50)</small> </font> </div>
<div class="test-event"> <font color="maroon"> <small> &emsp; &emsp;--- 25 Jan 11:02:17 116 - [[ChromeDriver: chrome on windows (091e265e7da9eba6a26b6f67e0208f9e)] -> css selector: p[class*='orangehrm-copyright']] displayed</small> </font> </div>
<div class="test-event"> <font color="maroon"> <small> &emsp; &emsp;--- 25 Jan 11:02:17 150 - [[ChromeDriver: chrome on windows (091e265e7da9eba6a26b6f67e0208f9e)] -> css selector: span[class*='oxd-main-menu-item--name']] displayed</small> </font> </div>
<div class="test-event"> <font color="maroon"> <small> &emsp; &emsp;--- 25 Jan 11:02:17 181 - Time Element displayed</small> </font> </div>
<div class="test-event"> <font color="maroon"> <small> &emsp; &emsp;--- 25 Jan 11:02:17 203 - Webelement dimension: (45, 19)</small> </font> </div>
<div class="test-event"> <font color="maroon"> <small> &emsp; &emsp;--- 25 Jan 11:02:18 715 - Clicked on Time</small> </font> </div>
<div class="test-message">&emsp;Main menu : Time selected&emsp;<a href=".\ScreenShot\TC301_24.png" target="_blank" >[ScreenShot]</a></div>
<div class="test-event"> <font color="maroon"> <small> &emsp; &emsp;--- 25 Jan 11:02:18 909 - Page URL:: https://opensource-demo.orangehrmlive.com/web/index.php/time/viewmytimesheet</small> </font> </div>
<div class="test-event"> <font color="maroon"> <small> &emsp; &emsp;--- 25 Jan 11:02:18 911 - <b>0</b> - Page Load Wait: (Sync) - com.OrangeHRM.utils.WaitUtils.waitForPageLoad(WaitUtils.java:50)</small> </font> </div>
<div class="test-event"> <font color="maroon"> <small> &emsp; &emsp;--- 25 Jan 11:02:19 827 - [[ChromeDriver: chrome on windows (091e265e7da9eba6a26b6f67e0208f9e)] -> xpath: //h6[text()='My Timesheet']] displayed</small> </font> </div>
<div class="test-event"> <font color="maroon"> <small> &emsp; &emsp;--- 25 Jan 11:02:21 295 - Webelement dimension: (109, 31)</small> </font> </div>
<div class="test-event"> <font color="maroon"> <small> &emsp; &emsp;--- 25 Jan 11:02:21 418 - Clicked on Submit button</small> </font> </div>
<div class="test-event"> <font color="maroon"> <small> &emsp; &emsp;--- 25 Jan 11:02:22 055 - [[ChromeDriver: chrome on windows (091e265e7da9eba6a26b6f67e0208f9e)] -> css selector: div[class*='oxd-toast--success']] displayed</small> </font> </div>
<div class="test-event"> <font color="maroon"> <small> &emsp; &emsp;--- 25 Jan 11:02:22 940 - WebElement: [[ChromeDriver: chrome on windows (091e265e7da9eba6a26b6f67e0208f9e)] -> xpath: //p[text()='Status: Submitted']]</small> </font> </div>
<div class="test-event"> <font color="maroon"> <small> &emsp; &emsp;--- 25 Jan 11:02:23 006 - Submitted Label displayed</small> </font> </div>
<div class="test-event"> <font color="maroon"> <small> &emsp; &emsp;--- 25 Jan 11:02:23 066 - Table rows Element displayed</small> </font> </div>
<div class="test-event"> <font color="maroon"> <small> &emsp; &emsp;--- 25 Jan 11:02:23 097 - Table rows elements displayed size: 1</small> </font> </div>
<div class="test-event"> <font color="maroon"> <small> &emsp; &emsp;--- 25 Jan 11:02:23 174 - Text value displayed for Table field : Submitted</small> </font> </div>
<div class="test-event"> <font color="maroon"> <small> &emsp; &emsp;--- 25 Jan 11:02:23 221 - Text value displayed for Table field : Rhea Jenkins</small> </font> </div>
<div class="test-event"> <font color="maroon"> <small> &emsp; &emsp;--- 25 Jan 11:02:23 316 - Text value displayed for Table field : 2024-01-25</small> </font> </div>
<div class="test-event"> <font color="maroon"> <small> &emsp; &emsp;--- 25 Jan 11:02:23 333 - WebDriver session: ChromeDriver: chrome on windows (091e265e7da9eba6a26b6f67e0208f9e)</small> </font> </div>
<div class="test-message">&emsp;Leave Details is verified successfully&emsp;<a href=".\ScreenShot\TC301_25.png" target="_blank" >[ScreenShot]</a></div>
<div class="test-result"><br><font color="green"><strong> Test Passed. </strong></font> </div>&emsp;
<div class="test-event"> <font color="maroon"> <small> &emsp; &emsp;--- 25 Jan 11:02:23 579 - WebDriver session: ChromeDriver: chrome on windows (091e265e7da9eba6a26b6f67e0208f9e)</small> </font> </div>]]>
  </system-out>
</testsuite> <!-- com.OrangeHRM.testscripts.TimeSheetTestSuite -->
