<?xml version="1.0" encoding="UTF-8"?>
<!-- Generated by org.testng.reporters.JUnitReportReporter -->
<testsuite hostname="Asplap2656" failures="0" tests="1" name="com.OrangeHRM.testscripts.ClaimTestSuite" time="43.301" errors="0" timestamp="2024-01-24T13:07:34 IST" skipped="0">
  <testcase classname="com.OrangeHRM.testscripts.ClaimTestSuite" name="TC501" time="43.301">
    <system-out>
      <![CDATA[<div class="test-event"> <font color="maroon"> <small> &emsp; &emsp;--- 24 Jan 13:06:47 461 - TestCaseID:: TC501</small> </font> </div>
<div class="test-event"> <font color="maroon"> <small> &emsp; &emsp;--- 24 Jan 13:06:50 449 - <b>4</b> - Driver::initialize::Get - com.OrangeHRM.utils.WebDriverFactory.getDriver(WebDriverFactory.java:756)</small> </font> </div>
<div class="test-event"> <font color="maroon"> <small> &emsp; &emsp;--- 24 Jan 13:06:50 456 - WebDriver session: ChromeDriver: chrome on windows (9f7ae837812c86b90a359de4878cfb92)</small> </font> </div>
&emsp;<div class="test-title"> <strong><font size = "3" color = "#000080">Create a new Claim</font> </strong> </div>&emsp;<div><strong>Steps:</strong></div><!-- Report -->&emsp;
<div class="test-event"> <font color="maroon"> <small> &emsp; &emsp;--- 24 Jan 13:06:50 470 - Fetching test data from excel sheet</small> </font> </div>
<div class="test-event"> <font color="maroon"> <small> &emsp; &emsp;--- 24 Jan 13:06:59 200 - Entered value Admin in Username field</small> </font> </div>
<div class="test-event"> <font color="maroon"> <small> &emsp; &emsp;--- 24 Jan 13:06:59 488 - Entered value admin123 in Password field</small> </font> </div>
<div class="test-event"> <font color="maroon"> <small> &emsp; &emsp;--- 24 Jan 13:06:59 519 - Webelement dimension: (419, 46)</small> </font> </div>
<div class="test-event"> <font color="maroon"> <small> &emsp; &emsp;--- 24 Jan 13:07:00 817 - Clicked on Login button</small> </font> </div>
<div class="test-event"> <font color="maroon"> <small> &emsp; &emsp;--- 24 Jan 13:07:00 856 - Page URL:: https://opensource-demo.orangehrmlive.com/web/index.php/dashboard/index</small> </font> </div>
<div class="test-event"> <font color="maroon"> <small> &emsp; &emsp;--- 24 Jan 13:07:00 857 - <b>0</b> - Page Load Wait: (Sync) - com.OrangeHRM.utils.WaitUtils.waitForPageLoad(WaitUtils.java:50)</small> </font> </div>
<div class="test-event"> <font color="maroon"> <small> &emsp; &emsp;--- 24 Jan 13:07:01 310 - [[ChromeDriver: chrome on windows (9f7ae837812c86b90a359de4878cfb92)] -> css selector: p[class*='orangehrm-copyright']] displayed</small> </font> </div>
<div class="test-event"> <font color="maroon"> <small> &emsp; &emsp;--- 24 Jan 13:07:01 368 - [[ChromeDriver: chrome on windows (9f7ae837812c86b90a359de4878cfb92)] -> css selector: span[class*='oxd-main-menu-item--name']] displayed</small> </font> </div>
<div class="test-event"> <font color="maroon"> <small> &emsp; &emsp;--- 24 Jan 13:07:01 438 - PIM Element displayed</small> </font> </div>
<div class="test-event"> <font color="maroon"> <small> &emsp; &emsp;--- 24 Jan 13:07:01 668 - Webelement dimension: (39, 19)</small> </font> </div>
<div class="test-event"> <font color="maroon"> <small> &emsp; &emsp;--- 24 Jan 13:07:02 777 - Clicked on PIM</small> </font> </div>
<div class="test-message">&emsp;Main menu : PIM selected&emsp;<a href=".\ScreenShot\TC501_1.png" target="_blank" >[ScreenShot]</a></div>
<div class="test-event"> <font color="maroon"> <small> &emsp; &emsp;--- 24 Jan 13:07:02 985 - Page URL:: https://opensource-demo.orangehrmlive.com/web/index.php/pim/viewemployeelist</small> </font> </div>
<div class="test-event"> <font color="maroon"> <small> &emsp; &emsp;--- 24 Jan 13:07:02 986 - <b>0</b> - Page Load Wait: (Sync) - com.OrangeHRM.utils.WaitUtils.waitForPageLoad(WaitUtils.java:50)</small> </font> </div>
<div class="test-event"> <font color="maroon"> <small> &emsp; &emsp;--- 24 Jan 13:07:03 622 - [[ChromeDriver: chrome on windows (9f7ae837812c86b90a359de4878cfb92)] -> css selector: h6[class*='oxd-topbar-header']] displayed</small> </font> </div>
<div class="test-event"> <font color="maroon"> <small> &emsp; &emsp;--- 24 Jan 13:07:03 655 - Webelement dimension: (109, 31)</small> </font> </div>
<div class="test-event"> <font color="maroon"> <small> &emsp; &emsp;--- 24 Jan 13:07:04 304 - Clicked on Add button</small> </font> </div>
<div class="test-event"> <font color="maroon"> <small> &emsp; &emsp;--- 24 Jan 13:07:05 369 - Entered value Meagan in FirstName</small> </font> </div>
<div class="test-event"> <font color="maroon"> <small> &emsp; &emsp;--- 24 Jan 13:07:05 917 - Entered value Runolfsdottir in LastName</small> </font> </div>
<div class="test-event"> <font color="maroon"> <small> &emsp; &emsp;--- 24 Jan 13:07:06 239 - Entered value 76 in Employeee Id</small> </font> </div>
<div class="test-event"> <font color="maroon"> <small> &emsp; &emsp;--- 24 Jan 13:07:06 277 - Webelement dimension: (100, 31)</small> </font> </div>
<div class="test-event"> <font color="maroon"> <small> &emsp; &emsp;--- 24 Jan 13:07:06 383 - Clicked on Save button</small> </font> </div>
<div class="test-event"> <font color="maroon"> <small> &emsp; &emsp;--- 24 Jan 13:07:06 998 - [[ChromeDriver: chrome on windows (9f7ae837812c86b90a359de4878cfb92)] -> css selector: div[class*='oxd-toast--success']] displayed</small> </font> </div>
<div class="test-event"> <font color="maroon"> <small> &emsp; &emsp;--- 24 Jan 13:07:07 036 - [[ChromeDriver: chrome on windows (9f7ae837812c86b90a359de4878cfb92)] -> css selector: span[class*='oxd-main-menu-item--name']] displayed</small> </font> </div>
<div class="test-event"> <font color="maroon"> <small> &emsp; &emsp;--- 24 Jan 13:07:07 075 - Dashboard Element displayed</small> </font> </div>
<div class="test-event"> <font color="maroon"> <small> &emsp; &emsp;--- 24 Jan 13:07:07 095 - Webelement dimension: (83, 19)</small> </font> </div>
<div class="test-event"> <font color="maroon"> <small> &emsp; &emsp;--- 24 Jan 13:07:07 661 - Clicked on Dashboard</small> </font> </div>
<div class="test-message">&emsp;Main menu : Dashboard selected&emsp;<a href=".\ScreenShot\TC501_2.png" target="_blank" >[ScreenShot]</a></div>
<div class="test-event"> <font color="maroon"> <small> &emsp; &emsp;--- 24 Jan 13:07:08 202 - [[ChromeDriver: chrome on windows (9f7ae837812c86b90a359de4878cfb92)] -> css selector: span[class*='oxd-main-menu-item--name']] displayed</small> </font> </div>
<div class="test-event"> <font color="maroon"> <small> &emsp; &emsp;--- 24 Jan 13:07:08 260 - Claim Element displayed</small> </font> </div>
<div class="test-event"> <font color="maroon"> <small> &emsp; &emsp;--- 24 Jan 13:07:08 279 - Webelement dimension: (50, 19)</small> </font> </div>
<div class="test-event"> <font color="maroon"> <small> &emsp; &emsp;--- 24 Jan 13:07:09 621 - Clicked on Claim</small> </font> </div>
<div class="test-message">&emsp;Main menu : Claim selected&emsp;<a href=".\ScreenShot\TC501_3.png" target="_blank" >[ScreenShot]</a></div>
<div class="test-event"> <font color="maroon"> <small> &emsp; &emsp;--- 24 Jan 13:07:09 916 - Page URL:: https://opensource-demo.orangehrmlive.com/web/index.php/claim/viewassignclaim</small> </font> </div>
<div class="test-event"> <font color="maroon"> <small> &emsp; &emsp;--- 24 Jan 13:07:09 917 - <b>0</b> - Page Load Wait: (Sync) - com.OrangeHRM.utils.WaitUtils.waitForPageLoad(WaitUtils.java:50)</small> </font> </div>
<div class="test-event"> <font color="maroon"> <small> &emsp; &emsp;--- 24 Jan 13:07:10 087 - [[ChromeDriver: chrome on windows (9f7ae837812c86b90a359de4878cfb92)] -> xpath: //h6[text()='Claim']] displayed</small> </font> </div>
<div class="test-event"> <font color="maroon"> <small> &emsp; &emsp;--- 24 Jan 13:07:10 117 - Assign Claim Element displayed</small> </font> </div>
<div class="test-event"> <font color="maroon"> <small> &emsp; &emsp;--- 24 Jan 13:07:10 137 - Webelement dimension: (71, 16)</small> </font> </div>
<div class="test-event"> <font color="maroon"> <small> &emsp; &emsp;--- 24 Jan 13:07:11 158 - Clicked on Assign Claim</small> </font> </div>
<div class="test-message">&emsp;Nav menu : Assign Claim selected&emsp;<a href=".\ScreenShot\TC501_4.png" target="_blank" >[ScreenShot]</a></div>
<div class="test-event"> <font color="maroon"> <small> &emsp; &emsp;--- 24 Jan 13:07:16 215 - Options Element displayed</small> </font> </div>
<div class="test-event"> <font color="maroon"> <small> &emsp; &emsp;--- 24 Jan 13:07:16 237 - Options elements displayed size: 1</small> </font> </div>
<div class="test-event"> <font color="maroon"> <small> &emsp; &emsp;--- 24 Jan 13:07:16 259 - Webelement dimension: (263, 35)</small> </font> </div>
<div class="test-event"> <font color="maroon"> <small> &emsp; &emsp;--- 24 Jan 13:07:16 306 - Clicked on Option field</small> </font> </div>
<div class="test-event"> <font color="maroon"> <small> &emsp; &emsp;--- 24 Jan 13:07:16 354 - Event Element displayed</small> </font> </div>
<div class="test-event"> <font color="maroon"> <small> &emsp; &emsp;--- 24 Jan 13:07:16 400 - Webelement dimension: (273, 45)</small> </font> </div>
<div class="test-event"> <font color="maroon"> <small> &emsp; &emsp;--- 24 Jan 13:07:16 466 - Clicked on Event</small> </font> </div>
<div class="test-event"> <font color="maroon"> <small> &emsp; &emsp;--- 24 Jan 13:07:16 512 - Options elements displayed: 3</small> </font> </div>
<div class="test-event"> <font color="maroon"> <small> &emsp; &emsp;--- 24 Jan 13:07:16 586 - Options elements displayed size: 3</small> </font> </div>
<div class="test-event"> <font color="maroon"> <small> &emsp; &emsp;--- 24 Jan 13:07:16 634 - Webelement dimension: (129, 16)</small> </font> </div>
<div class="test-event"> <font color="maroon"> <small> &emsp; &emsp;--- 24 Jan 13:07:16 698 - Clicked on Medical Reimbursement</small> </font> </div>
<div class="test-message">&emsp;Event: Medical Reimbursement selected&emsp;<a href=".\ScreenShot\TC501_5.png" target="_blank" >[ScreenShot]</a></div>
<div class="test-event"> <font color="maroon"> <small> &emsp; &emsp;--- 24 Jan 13:07:16 927 - Currency Element displayed</small> </font> </div>
<div class="test-event"> <font color="maroon"> <small> &emsp; &emsp;--- 24 Jan 13:07:16 944 - Webelement dimension: (273, 45)</small> </font> </div>
<div class="test-event"> <font color="maroon"> <small> &emsp; &emsp;--- 24 Jan 13:07:17 009 - Clicked on Currency</small> </font> </div>
<div class="test-event"> <font color="maroon"> <small> &emsp; &emsp;--- 24 Jan 13:07:17 075 - Options elements displayed: 159</small> </font> </div>
<div class="test-event"> <font color="maroon"> <small> &emsp; &emsp;--- 24 Jan 13:07:17 141 - Options elements displayed size: 159</small> </font> </div>
<div class="test-event"> <font color="maroon"> <small> &emsp; &emsp;--- 24 Jan 13:07:17 940 - Webelement dimension: (71, 16)</small> </font> </div>
<div class="test-event"> <font color="maroon"> <small> &emsp; &emsp;--- 24 Jan 13:07:18 028 - Clicked on Indian Rupee</small> </font> </div>
<div class="test-message">&emsp;Currency: Indian Rupee selected&emsp;<a href=".\ScreenShot\TC501_6.png" target="_blank" >[ScreenShot]</a></div>
<div class="test-event"> <font color="maroon"> <small> &emsp; &emsp;--- 24 Jan 13:07:18 268 - Webelement dimension: (106, 31)</small> </font> </div>
<div class="test-event"> <font color="maroon"> <small> &emsp; &emsp;--- 24 Jan 13:07:18 337 - Clicked on Create claim request button</small> </font> </div>
<div class="test-event"> <font color="maroon"> <small> &emsp; &emsp;--- 24 Jan 13:07:22 293 - [[ChromeDriver: chrome on windows (9f7ae837812c86b90a359de4878cfb92)] -> xpath: //label[text()='Reference Id']/parent::div/parent::div //input] displayed</small> </font> </div>
<div class="test-event"> <font color="maroon"> <small> &emsp; &emsp;--- 24 Jan 13:07:22 665 - Webelement dimension: (109, 31)</small> </font> </div>
<div class="test-event"> <font color="maroon"> <small> &emsp; &emsp;--- 24 Jan 13:07:22 735 - Clicked on Add expense button</small> </font> </div>
<div class="test-event"> <font color="maroon"> <small> &emsp; &emsp;--- 24 Jan 13:07:22 779 - Expense Type Element displayed</small> </font> </div>
<div class="test-event"> <font color="maroon"> <small> &emsp; &emsp;--- 24 Jan 13:07:22 827 - Webelement dimension: (447, 45)</small> </font> </div>
<div class="test-event"> <font color="maroon"> <small> &emsp; &emsp;--- 24 Jan 13:07:22 883 - Clicked on Expense Type</small> </font> </div>
<div class="test-event"> <font color="maroon"> <small> &emsp; &emsp;--- 24 Jan 13:07:23 423 - Options elements displayed: 4</small> </font> </div>
<div class="test-event"> <font color="maroon"> <small> &emsp; &emsp;--- 24 Jan 13:07:23 439 - Options elements displayed size: 4</small> </font> </div>
<div class="test-event"> <font color="maroon"> <small> &emsp; &emsp;--- 24 Jan 13:07:23 465 - Webelement dimension: (82, 16)</small> </font> </div>
<div class="test-event"> <font color="maroon"> <small> &emsp; &emsp;--- 24 Jan 13:07:23 503 - Clicked on Fuel Allowance</small> </font> </div>
<div class="test-message">&emsp;Expense Type: Fuel Allowance selected&emsp;<a href=".\ScreenShot\TC501_7.png" target="_blank" >[ScreenShot]</a></div>
<div class="test-event"> <font color="maroon"> <small> &emsp; &emsp;--- 24 Jan 13:07:23 730 - Date Element displayed</small> </font> </div>
<div class="test-event"> <font color="maroon"> <small> &emsp; &emsp;--- 24 Jan 13:07:24 112 - Entered value 1978-09-07 in Date</small> </font> </div>
<div class="test-event"> <font color="maroon"> <small> &emsp; &emsp;--- 24 Jan 13:07:24 134 - Amount Element displayed</small> </font> </div>
<div class="test-event"> <font color="maroon"> <small> &emsp; &emsp;--- 24 Jan 13:07:24 491 - Entered value 20.29 in Amount</small> </font> </div>
<div class="test-event"> <font color="maroon"> <small> &emsp; &emsp;--- 24 Jan 13:07:24 509 - Webelement dimension: (100, 31)</small> </font> </div>
<div class="test-event"> <font color="maroon"> <small> &emsp; &emsp;--- 24 Jan 13:07:24 556 - Clicked on Save expense button</small> </font> </div>
<div class="test-event"> <font color="maroon"> <small> &emsp; &emsp;--- 24 Jan 13:07:25 151 - [[ChromeDriver: chrome on windows (9f7ae837812c86b90a359de4878cfb92)] -> css selector: div[class*='oxd-toast--success']] displayed</small> </font> </div>
<div class="test-event"> <font color="maroon"> <small> &emsp; &emsp;--- 24 Jan 13:07:28 151 - [[ChromeDriver: chrome on windows (9f7ae837812c86b90a359de4878cfb92)] -> xpath: //span[text()='(1) Record Found']] displayed</small> </font> </div>
<div class="test-event"> <font color="maroon"> <small> &emsp; &emsp;--- 24 Jan 13:07:28 207 - Text value displayed for Total amount : Total Amount (Indian Rupee) : 20.29</small> </font> </div>
<div class="test-message">&emsp;Successfully verified expense amount</div>
<div class="test-event"> <font color="maroon"> <small> &emsp; &emsp;--- 24 Jan 13:07:28 222 - Webelement dimension: (109, 31)</small> </font> </div>
<div class="test-event"> <font color="maroon"> <small> &emsp; &emsp;--- 24 Jan 13:07:28 268 - Clicked on Submit claim button</small> </font> </div>
<div class="test-event"> <font color="maroon"> <small> &emsp; &emsp;--- 24 Jan 13:07:28 297 - Employee Claims Element displayed</small> </font> </div>
<div class="test-event"> <font color="maroon"> <small> &emsp; &emsp;--- 24 Jan 13:07:28 343 - Webelement dimension: (93, 16)</small> </font> </div>
<div class="test-event"> <font color="maroon"> <small> &emsp; &emsp;--- 24 Jan 13:07:28 855 - Clicked on Employee Claims</small> </font> </div>
<div class="test-message">&emsp;Nav menu : Employee Claims selected&emsp;<a href=".\ScreenShot\TC501_8.png" target="_blank" >[ScreenShot]</a></div>
<div class="test-event"> <font color="maroon"> <small> &emsp; &emsp;--- 24 Jan 13:07:31 757 - Options Element displayed</small> </font> </div>
<div class="test-event"> <font color="maroon"> <small> &emsp; &emsp;--- 24 Jan 13:07:31 775 - Options elements displayed size: 1</small> </font> </div>
<div class="test-event"> <font color="maroon"> <small> &emsp; &emsp;--- 24 Jan 13:07:31 792 - Webelement dimension: (189, 35)</small> </font> </div>
<div class="test-event"> <font color="maroon"> <small> &emsp; &emsp;--- 24 Jan 13:07:31 842 - Clicked on Option field</small> </font> </div>
<div class="test-event"> <font color="maroon"> <small> &emsp; &emsp;--- 24 Jan 13:07:31 862 - Webelement dimension: (107, 31)</small> </font> </div>
<div class="test-event"> <font color="maroon"> <small> &emsp; &emsp;--- 24 Jan 13:07:31 936 - Clicked on Search button</small> </font> </div>
<div class="test-event"> <font color="maroon"> <small> &emsp; &emsp;--- 24 Jan 13:07:32 477 - Table rows Element displayed</small> </font> </div>
<div class="test-event"> <font color="maroon"> <small> &emsp; &emsp;--- 24 Jan 13:07:32 496 - Table rows elements displayed size: 1</small> </font> </div>
<div class="test-event"> <font color="maroon"> <small> &emsp; &emsp;--- 24 Jan 13:07:32 543 - Text value displayed for Employee list column : 202401240000008</small> </font> </div>
<div class="test-event"> <font color="maroon"> <small> &emsp; &emsp;--- 24 Jan 13:07:32 577 - Text value displayed for Employee list column : Meagan Runolfsdottir</small> </font> </div>
<div class="test-event"> <font color="maroon"> <small> &emsp; &emsp;--- 24 Jan 13:07:32 613 - Text value displayed for Employee list column : Medical Reimbursement</small> </font> </div>
<div class="test-event"> <font color="maroon"> <small> &emsp; &emsp;--- 24 Jan 13:07:32 652 - Text value displayed for Employee list column : Indian Rupee</small> </font> </div>
<div class="test-event"> <font color="maroon"> <small> &emsp; &emsp;--- 24 Jan 13:07:32 689 - Text value displayed for Employee list column : 2024-01-24</small> </font> </div>
<div class="test-event"> <font color="maroon"> <small> &emsp; &emsp;--- 24 Jan 13:07:32 720 - Text value displayed for Employee list column : Paid</small> </font> </div>
<div class="test-event"> <font color="maroon"> <small> &emsp; &emsp;--- 24 Jan 13:07:32 751 - Text value displayed for Employee list column : 20.29</small> </font> </div>
<div class="test-event"> <font color="maroon"> <small> &emsp; &emsp;--- 24 Jan 13:07:32 785 - Text value displayed for Employee list column : View Details</small> </font> </div>
<div class="test-message">&emsp;Claim Details is verified successfully&emsp;<a href=".\ScreenShot\TC501_9.png" target="_blank" >[ScreenShot]</a></div>
<div class="test-event"> <font color="maroon"> <small> &emsp; &emsp;--- 24 Jan 13:07:32 999 - WebDriver session: ChromeDriver: chrome on windows (9f7ae837812c86b90a359de4878cfb92)</small> </font> </div>]]>
    </system-out>
  </testcase> <!-- TC501 -->
  <system-out>
    <![CDATA[<div class="test-event"> <font color="maroon"> <small> &emsp; &emsp;--- 24 Jan 13:06:47 461 - TestCaseID:: TC501</small> </font> </div>
<div class="test-event"> <font color="maroon"> <small> &emsp; &emsp;--- 24 Jan 13:06:50 449 - <b>4</b> - Driver::initialize::Get - com.OrangeHRM.utils.WebDriverFactory.getDriver(WebDriverFactory.java:756)</small> </font> </div>
<div class="test-event"> <font color="maroon"> <small> &emsp; &emsp;--- 24 Jan 13:06:50 456 - WebDriver session: ChromeDriver: chrome on windows (9f7ae837812c86b90a359de4878cfb92)</small> </font> </div>
&emsp;<div class="test-title"> <strong><font size = "3" color = "#000080">Create a new Claim</font> </strong> </div>&emsp;<div><strong>Steps:</strong></div><!-- Report -->&emsp;
<div class="test-event"> <font color="maroon"> <small> &emsp; &emsp;--- 24 Jan 13:06:50 470 - Fetching test data from excel sheet</small> </font> </div>
<div class="test-event"> <font color="maroon"> <small> &emsp; &emsp;--- 24 Jan 13:06:59 200 - Entered value Admin in Username field</small> </font> </div>
<div class="test-event"> <font color="maroon"> <small> &emsp; &emsp;--- 24 Jan 13:06:59 488 - Entered value admin123 in Password field</small> </font> </div>
<div class="test-event"> <font color="maroon"> <small> &emsp; &emsp;--- 24 Jan 13:06:59 519 - Webelement dimension: (419, 46)</small> </font> </div>
<div class="test-event"> <font color="maroon"> <small> &emsp; &emsp;--- 24 Jan 13:07:00 817 - Clicked on Login button</small> </font> </div>
<div class="test-event"> <font color="maroon"> <small> &emsp; &emsp;--- 24 Jan 13:07:00 856 - Page URL:: https://opensource-demo.orangehrmlive.com/web/index.php/dashboard/index</small> </font> </div>
<div class="test-event"> <font color="maroon"> <small> &emsp; &emsp;--- 24 Jan 13:07:00 857 - <b>0</b> - Page Load Wait: (Sync) - com.OrangeHRM.utils.WaitUtils.waitForPageLoad(WaitUtils.java:50)</small> </font> </div>
<div class="test-event"> <font color="maroon"> <small> &emsp; &emsp;--- 24 Jan 13:07:01 310 - [[ChromeDriver: chrome on windows (9f7ae837812c86b90a359de4878cfb92)] -> css selector: p[class*='orangehrm-copyright']] displayed</small> </font> </div>
<div class="test-event"> <font color="maroon"> <small> &emsp; &emsp;--- 24 Jan 13:07:01 368 - [[ChromeDriver: chrome on windows (9f7ae837812c86b90a359de4878cfb92)] -> css selector: span[class*='oxd-main-menu-item--name']] displayed</small> </font> </div>
<div class="test-event"> <font color="maroon"> <small> &emsp; &emsp;--- 24 Jan 13:07:01 438 - PIM Element displayed</small> </font> </div>
<div class="test-event"> <font color="maroon"> <small> &emsp; &emsp;--- 24 Jan 13:07:01 668 - Webelement dimension: (39, 19)</small> </font> </div>
<div class="test-event"> <font color="maroon"> <small> &emsp; &emsp;--- 24 Jan 13:07:02 777 - Clicked on PIM</small> </font> </div>
<div class="test-message">&emsp;Main menu : PIM selected&emsp;<a href=".\ScreenShot\TC501_1.png" target="_blank" >[ScreenShot]</a></div>
<div class="test-event"> <font color="maroon"> <small> &emsp; &emsp;--- 24 Jan 13:07:02 985 - Page URL:: https://opensource-demo.orangehrmlive.com/web/index.php/pim/viewemployeelist</small> </font> </div>
<div class="test-event"> <font color="maroon"> <small> &emsp; &emsp;--- 24 Jan 13:07:02 986 - <b>0</b> - Page Load Wait: (Sync) - com.OrangeHRM.utils.WaitUtils.waitForPageLoad(WaitUtils.java:50)</small> </font> </div>
<div class="test-event"> <font color="maroon"> <small> &emsp; &emsp;--- 24 Jan 13:07:03 622 - [[ChromeDriver: chrome on windows (9f7ae837812c86b90a359de4878cfb92)] -> css selector: h6[class*='oxd-topbar-header']] displayed</small> </font> </div>
<div class="test-event"> <font color="maroon"> <small> &emsp; &emsp;--- 24 Jan 13:07:03 655 - Webelement dimension: (109, 31)</small> </font> </div>
<div class="test-event"> <font color="maroon"> <small> &emsp; &emsp;--- 24 Jan 13:07:04 304 - Clicked on Add button</small> </font> </div>
<div class="test-event"> <font color="maroon"> <small> &emsp; &emsp;--- 24 Jan 13:07:05 369 - Entered value Meagan in FirstName</small> </font> </div>
<div class="test-event"> <font color="maroon"> <small> &emsp; &emsp;--- 24 Jan 13:07:05 917 - Entered value Runolfsdottir in LastName</small> </font> </div>
<div class="test-event"> <font color="maroon"> <small> &emsp; &emsp;--- 24 Jan 13:07:06 239 - Entered value 76 in Employeee Id</small> </font> </div>
<div class="test-event"> <font color="maroon"> <small> &emsp; &emsp;--- 24 Jan 13:07:06 277 - Webelement dimension: (100, 31)</small> </font> </div>
<div class="test-event"> <font color="maroon"> <small> &emsp; &emsp;--- 24 Jan 13:07:06 383 - Clicked on Save button</small> </font> </div>
<div class="test-event"> <font color="maroon"> <small> &emsp; &emsp;--- 24 Jan 13:07:06 998 - [[ChromeDriver: chrome on windows (9f7ae837812c86b90a359de4878cfb92)] -> css selector: div[class*='oxd-toast--success']] displayed</small> </font> </div>
<div class="test-event"> <font color="maroon"> <small> &emsp; &emsp;--- 24 Jan 13:07:07 036 - [[ChromeDriver: chrome on windows (9f7ae837812c86b90a359de4878cfb92)] -> css selector: span[class*='oxd-main-menu-item--name']] displayed</small> </font> </div>
<div class="test-event"> <font color="maroon"> <small> &emsp; &emsp;--- 24 Jan 13:07:07 075 - Dashboard Element displayed</small> </font> </div>
<div class="test-event"> <font color="maroon"> <small> &emsp; &emsp;--- 24 Jan 13:07:07 095 - Webelement dimension: (83, 19)</small> </font> </div>
<div class="test-event"> <font color="maroon"> <small> &emsp; &emsp;--- 24 Jan 13:07:07 661 - Clicked on Dashboard</small> </font> </div>
<div class="test-message">&emsp;Main menu : Dashboard selected&emsp;<a href=".\ScreenShot\TC501_2.png" target="_blank" >[ScreenShot]</a></div>
<div class="test-event"> <font color="maroon"> <small> &emsp; &emsp;--- 24 Jan 13:07:08 202 - [[ChromeDriver: chrome on windows (9f7ae837812c86b90a359de4878cfb92)] -> css selector: span[class*='oxd-main-menu-item--name']] displayed</small> </font> </div>
<div class="test-event"> <font color="maroon"> <small> &emsp; &emsp;--- 24 Jan 13:07:08 260 - Claim Element displayed</small> </font> </div>
<div class="test-event"> <font color="maroon"> <small> &emsp; &emsp;--- 24 Jan 13:07:08 279 - Webelement dimension: (50, 19)</small> </font> </div>
<div class="test-event"> <font color="maroon"> <small> &emsp; &emsp;--- 24 Jan 13:07:09 621 - Clicked on Claim</small> </font> </div>
<div class="test-message">&emsp;Main menu : Claim selected&emsp;<a href=".\ScreenShot\TC501_3.png" target="_blank" >[ScreenShot]</a></div>
<div class="test-event"> <font color="maroon"> <small> &emsp; &emsp;--- 24 Jan 13:07:09 916 - Page URL:: https://opensource-demo.orangehrmlive.com/web/index.php/claim/viewassignclaim</small> </font> </div>
<div class="test-event"> <font color="maroon"> <small> &emsp; &emsp;--- 24 Jan 13:07:09 917 - <b>0</b> - Page Load Wait: (Sync) - com.OrangeHRM.utils.WaitUtils.waitForPageLoad(WaitUtils.java:50)</small> </font> </div>
<div class="test-event"> <font color="maroon"> <small> &emsp; &emsp;--- 24 Jan 13:07:10 087 - [[ChromeDriver: chrome on windows (9f7ae837812c86b90a359de4878cfb92)] -> xpath: //h6[text()='Claim']] displayed</small> </font> </div>
<div class="test-event"> <font color="maroon"> <small> &emsp; &emsp;--- 24 Jan 13:07:10 117 - Assign Claim Element displayed</small> </font> </div>
<div class="test-event"> <font color="maroon"> <small> &emsp; &emsp;--- 24 Jan 13:07:10 137 - Webelement dimension: (71, 16)</small> </font> </div>
<div class="test-event"> <font color="maroon"> <small> &emsp; &emsp;--- 24 Jan 13:07:11 158 - Clicked on Assign Claim</small> </font> </div>
<div class="test-message">&emsp;Nav menu : Assign Claim selected&emsp;<a href=".\ScreenShot\TC501_4.png" target="_blank" >[ScreenShot]</a></div>
<div class="test-event"> <font color="maroon"> <small> &emsp; &emsp;--- 24 Jan 13:07:16 215 - Options Element displayed</small> </font> </div>
<div class="test-event"> <font color="maroon"> <small> &emsp; &emsp;--- 24 Jan 13:07:16 237 - Options elements displayed size: 1</small> </font> </div>
<div class="test-event"> <font color="maroon"> <small> &emsp; &emsp;--- 24 Jan 13:07:16 259 - Webelement dimension: (263, 35)</small> </font> </div>
<div class="test-event"> <font color="maroon"> <small> &emsp; &emsp;--- 24 Jan 13:07:16 306 - Clicked on Option field</small> </font> </div>
<div class="test-event"> <font color="maroon"> <small> &emsp; &emsp;--- 24 Jan 13:07:16 354 - Event Element displayed</small> </font> </div>
<div class="test-event"> <font color="maroon"> <small> &emsp; &emsp;--- 24 Jan 13:07:16 400 - Webelement dimension: (273, 45)</small> </font> </div>
<div class="test-event"> <font color="maroon"> <small> &emsp; &emsp;--- 24 Jan 13:07:16 466 - Clicked on Event</small> </font> </div>
<div class="test-event"> <font color="maroon"> <small> &emsp; &emsp;--- 24 Jan 13:07:16 512 - Options elements displayed: 3</small> </font> </div>
<div class="test-event"> <font color="maroon"> <small> &emsp; &emsp;--- 24 Jan 13:07:16 586 - Options elements displayed size: 3</small> </font> </div>
<div class="test-event"> <font color="maroon"> <small> &emsp; &emsp;--- 24 Jan 13:07:16 634 - Webelement dimension: (129, 16)</small> </font> </div>
<div class="test-event"> <font color="maroon"> <small> &emsp; &emsp;--- 24 Jan 13:07:16 698 - Clicked on Medical Reimbursement</small> </font> </div>
<div class="test-message">&emsp;Event: Medical Reimbursement selected&emsp;<a href=".\ScreenShot\TC501_5.png" target="_blank" >[ScreenShot]</a></div>
<div class="test-event"> <font color="maroon"> <small> &emsp; &emsp;--- 24 Jan 13:07:16 927 - Currency Element displayed</small> </font> </div>
<div class="test-event"> <font color="maroon"> <small> &emsp; &emsp;--- 24 Jan 13:07:16 944 - Webelement dimension: (273, 45)</small> </font> </div>
<div class="test-event"> <font color="maroon"> <small> &emsp; &emsp;--- 24 Jan 13:07:17 009 - Clicked on Currency</small> </font> </div>
<div class="test-event"> <font color="maroon"> <small> &emsp; &emsp;--- 24 Jan 13:07:17 075 - Options elements displayed: 159</small> </font> </div>
<div class="test-event"> <font color="maroon"> <small> &emsp; &emsp;--- 24 Jan 13:07:17 141 - Options elements displayed size: 159</small> </font> </div>
<div class="test-event"> <font color="maroon"> <small> &emsp; &emsp;--- 24 Jan 13:07:17 940 - Webelement dimension: (71, 16)</small> </font> </div>
<div class="test-event"> <font color="maroon"> <small> &emsp; &emsp;--- 24 Jan 13:07:18 028 - Clicked on Indian Rupee</small> </font> </div>
<div class="test-message">&emsp;Currency: Indian Rupee selected&emsp;<a href=".\ScreenShot\TC501_6.png" target="_blank" >[ScreenShot]</a></div>
<div class="test-event"> <font color="maroon"> <small> &emsp; &emsp;--- 24 Jan 13:07:18 268 - Webelement dimension: (106, 31)</small> </font> </div>
<div class="test-event"> <font color="maroon"> <small> &emsp; &emsp;--- 24 Jan 13:07:18 337 - Clicked on Create claim request button</small> </font> </div>
<div class="test-event"> <font color="maroon"> <small> &emsp; &emsp;--- 24 Jan 13:07:22 293 - [[ChromeDriver: chrome on windows (9f7ae837812c86b90a359de4878cfb92)] -> xpath: //label[text()='Reference Id']/parent::div/parent::div //input] displayed</small> </font> </div>
<div class="test-event"> <font color="maroon"> <small> &emsp; &emsp;--- 24 Jan 13:07:22 665 - Webelement dimension: (109, 31)</small> </font> </div>
<div class="test-event"> <font color="maroon"> <small> &emsp; &emsp;--- 24 Jan 13:07:22 735 - Clicked on Add expense button</small> </font> </div>
<div class="test-event"> <font color="maroon"> <small> &emsp; &emsp;--- 24 Jan 13:07:22 779 - Expense Type Element displayed</small> </font> </div>
<div class="test-event"> <font color="maroon"> <small> &emsp; &emsp;--- 24 Jan 13:07:22 827 - Webelement dimension: (447, 45)</small> </font> </div>
<div class="test-event"> <font color="maroon"> <small> &emsp; &emsp;--- 24 Jan 13:07:22 883 - Clicked on Expense Type</small> </font> </div>
<div class="test-event"> <font color="maroon"> <small> &emsp; &emsp;--- 24 Jan 13:07:23 423 - Options elements displayed: 4</small> </font> </div>
<div class="test-event"> <font color="maroon"> <small> &emsp; &emsp;--- 24 Jan 13:07:23 439 - Options elements displayed size: 4</small> </font> </div>
<div class="test-event"> <font color="maroon"> <small> &emsp; &emsp;--- 24 Jan 13:07:23 465 - Webelement dimension: (82, 16)</small> </font> </div>
<div class="test-event"> <font color="maroon"> <small> &emsp; &emsp;--- 24 Jan 13:07:23 503 - Clicked on Fuel Allowance</small> </font> </div>
<div class="test-message">&emsp;Expense Type: Fuel Allowance selected&emsp;<a href=".\ScreenShot\TC501_7.png" target="_blank" >[ScreenShot]</a></div>
<div class="test-event"> <font color="maroon"> <small> &emsp; &emsp;--- 24 Jan 13:07:23 730 - Date Element displayed</small> </font> </div>
<div class="test-event"> <font color="maroon"> <small> &emsp; &emsp;--- 24 Jan 13:07:24 112 - Entered value 1978-09-07 in Date</small> </font> </div>
<div class="test-event"> <font color="maroon"> <small> &emsp; &emsp;--- 24 Jan 13:07:24 134 - Amount Element displayed</small> </font> </div>
<div class="test-event"> <font color="maroon"> <small> &emsp; &emsp;--- 24 Jan 13:07:24 491 - Entered value 20.29 in Amount</small> </font> </div>
<div class="test-event"> <font color="maroon"> <small> &emsp; &emsp;--- 24 Jan 13:07:24 509 - Webelement dimension: (100, 31)</small> </font> </div>
<div class="test-event"> <font color="maroon"> <small> &emsp; &emsp;--- 24 Jan 13:07:24 556 - Clicked on Save expense button</small> </font> </div>
<div class="test-event"> <font color="maroon"> <small> &emsp; &emsp;--- 24 Jan 13:07:25 151 - [[ChromeDriver: chrome on windows (9f7ae837812c86b90a359de4878cfb92)] -> css selector: div[class*='oxd-toast--success']] displayed</small> </font> </div>
<div class="test-event"> <font color="maroon"> <small> &emsp; &emsp;--- 24 Jan 13:07:28 151 - [[ChromeDriver: chrome on windows (9f7ae837812c86b90a359de4878cfb92)] -> xpath: //span[text()='(1) Record Found']] displayed</small> </font> </div>
<div class="test-event"> <font color="maroon"> <small> &emsp; &emsp;--- 24 Jan 13:07:28 207 - Text value displayed for Total amount : Total Amount (Indian Rupee) : 20.29</small> </font> </div>
<div class="test-message">&emsp;Successfully verified expense amount</div>
<div class="test-event"> <font color="maroon"> <small> &emsp; &emsp;--- 24 Jan 13:07:28 222 - Webelement dimension: (109, 31)</small> </font> </div>
<div class="test-event"> <font color="maroon"> <small> &emsp; &emsp;--- 24 Jan 13:07:28 268 - Clicked on Submit claim button</small> </font> </div>
<div class="test-event"> <font color="maroon"> <small> &emsp; &emsp;--- 24 Jan 13:07:28 297 - Employee Claims Element displayed</small> </font> </div>
<div class="test-event"> <font color="maroon"> <small> &emsp; &emsp;--- 24 Jan 13:07:28 343 - Webelement dimension: (93, 16)</small> </font> </div>
<div class="test-event"> <font color="maroon"> <small> &emsp; &emsp;--- 24 Jan 13:07:28 855 - Clicked on Employee Claims</small> </font> </div>
<div class="test-message">&emsp;Nav menu : Employee Claims selected&emsp;<a href=".\ScreenShot\TC501_8.png" target="_blank" >[ScreenShot]</a></div>
<div class="test-event"> <font color="maroon"> <small> &emsp; &emsp;--- 24 Jan 13:07:31 757 - Options Element displayed</small> </font> </div>
<div class="test-event"> <font color="maroon"> <small> &emsp; &emsp;--- 24 Jan 13:07:31 775 - Options elements displayed size: 1</small> </font> </div>
<div class="test-event"> <font color="maroon"> <small> &emsp; &emsp;--- 24 Jan 13:07:31 792 - Webelement dimension: (189, 35)</small> </font> </div>
<div class="test-event"> <font color="maroon"> <small> &emsp; &emsp;--- 24 Jan 13:07:31 842 - Clicked on Option field</small> </font> </div>
<div class="test-event"> <font color="maroon"> <small> &emsp; &emsp;--- 24 Jan 13:07:31 862 - Webelement dimension: (107, 31)</small> </font> </div>
<div class="test-event"> <font color="maroon"> <small> &emsp; &emsp;--- 24 Jan 13:07:31 936 - Clicked on Search button</small> </font> </div>
<div class="test-event"> <font color="maroon"> <small> &emsp; &emsp;--- 24 Jan 13:07:32 477 - Table rows Element displayed</small> </font> </div>
<div class="test-event"> <font color="maroon"> <small> &emsp; &emsp;--- 24 Jan 13:07:32 496 - Table rows elements displayed size: 1</small> </font> </div>
<div class="test-event"> <font color="maroon"> <small> &emsp; &emsp;--- 24 Jan 13:07:32 543 - Text value displayed for Employee list column : 202401240000008</small> </font> </div>
<div class="test-event"> <font color="maroon"> <small> &emsp; &emsp;--- 24 Jan 13:07:32 577 - Text value displayed for Employee list column : Meagan Runolfsdottir</small> </font> </div>
<div class="test-event"> <font color="maroon"> <small> &emsp; &emsp;--- 24 Jan 13:07:32 613 - Text value displayed for Employee list column : Medical Reimbursement</small> </font> </div>
<div class="test-event"> <font color="maroon"> <small> &emsp; &emsp;--- 24 Jan 13:07:32 652 - Text value displayed for Employee list column : Indian Rupee</small> </font> </div>
<div class="test-event"> <font color="maroon"> <small> &emsp; &emsp;--- 24 Jan 13:07:32 689 - Text value displayed for Employee list column : 2024-01-24</small> </font> </div>
<div class="test-event"> <font color="maroon"> <small> &emsp; &emsp;--- 24 Jan 13:07:32 720 - Text value displayed for Employee list column : Paid</small> </font> </div>
<div class="test-event"> <font color="maroon"> <small> &emsp; &emsp;--- 24 Jan 13:07:32 751 - Text value displayed for Employee list column : 20.29</small> </font> </div>
<div class="test-event"> <font color="maroon"> <small> &emsp; &emsp;--- 24 Jan 13:07:32 785 - Text value displayed for Employee list column : View Details</small> </font> </div>
<div class="test-message">&emsp;Claim Details is verified successfully&emsp;<a href=".\ScreenShot\TC501_9.png" target="_blank" >[ScreenShot]</a></div>
<div class="test-event"> <font color="maroon"> <small> &emsp; &emsp;--- 24 Jan 13:07:32 999 - WebDriver session: ChromeDriver: chrome on windows (9f7ae837812c86b90a359de4878cfb92)</small> </font> </div>]]>
  </system-out>
</testsuite> <!-- com.OrangeHRM.testscripts.ClaimTestSuite -->
