<?xml version="1.0" encoding="UTF-8"?>
<!-- Generated by org.testng.reporters.JUnitReportReporter -->
<testsuite hostname="Asplap2656" failures="0" tests="1" name="com.OrangeHRM.testscripts.EmployeeTestSuite" time="225.924" errors="0" timestamp="2024-01-24T22:55:37 IST" skipped="0">
  <testcase classname="com.OrangeHRM.testscripts.EmployeeTestSuite" name="TC003" time="225.924">
    <system-out>
      <![CDATA[<div class="test-event"> <font color="maroon"> <small> &emsp; &emsp;--- 24 Jan 22:51:41 915 - TestCaseID:: TC003</small> </font> </div>
<div class="test-event"> <font color="maroon"> <small> &emsp; &emsp;--- 24 Jan 22:51:51 025 - <b>9</b> - Driver::initialize::Get - com.OrangeHRM.utils.WebDriverFactory.getDriver(WebDriverFactory.java:756)</small> </font> </div>
<div class="test-event"> <font color="maroon"> <small> &emsp; &emsp;--- 24 Jan 22:51:51 034 - WebDriver session: ChromeDriver: chrome on windows (74bc8c4a8ede1aca46f79ffe333f48b5)</small> </font> </div>
&emsp;<div class="test-title"> <strong><font size = "3" color = "#000080">Create new Employee and Verify In Employee Table</font> </strong> </div>&emsp;<div><strong>Steps:</strong></div><!-- Report -->&emsp;
<div class="test-event"> <font color="maroon"> <small> &emsp; &emsp;--- 24 Jan 22:51:51 057 - Fetching test data from excel sheet</small> </font> </div>
<div class="test-event"> <font color="maroon"> <small> &emsp; &emsp;--- 24 Jan 22:52:52 606 - Entered value Admin in Username field</small> </font> </div>
<div class="test-event"> <font color="maroon"> <small> &emsp; &emsp;--- 24 Jan 22:52:53 020 - Entered value admin123 in Password field</small> </font> </div>
<div class="test-event"> <font color="maroon"> <small> &emsp; &emsp;--- 24 Jan 22:52:53 053 - Webelement dimension: (419, 46)</small> </font> </div>
<div class="test-event"> <font color="maroon"> <small> &emsp; &emsp;--- 24 Jan 22:52:54 793 - Clicked on Login button</small> </font> </div>
<div class="test-message">&emsp;Login to Application&emsp;<a href=".\ScreenShot\TC003_1.png" target="_blank" >[ScreenShot]</a></div>
<div class="test-event"> <font color="maroon"> <small> &emsp; &emsp;--- 24 Jan 22:52:55 083 - Page URL:: https://opensource-demo.orangehrmlive.com/web/index.php/dashboard/index</small> </font> </div>
<div class="test-event"> <font color="maroon"> <small> &emsp; &emsp;--- 24 Jan 22:52:55 084 - <b>0</b> - Page Load Wait: (Sync) - com.OrangeHRM.utils.WaitUtils.waitForPageLoad(WaitUtils.java:50)</small> </font> </div>
<div class="test-event"> <font color="maroon"> <small> &emsp; &emsp;--- 24 Jan 22:52:55 435 - [[ChromeDriver: chrome on windows (74bc8c4a8ede1aca46f79ffe333f48b5)] -> css selector: p[class*='orangehrm-copyright']] displayed</small> </font> </div>
<div class="test-event"> <font color="maroon"> <small> &emsp; &emsp;--- 24 Jan 22:52:55 520 - [[ChromeDriver: chrome on windows (74bc8c4a8ede1aca46f79ffe333f48b5)] -> css selector: span[class*='oxd-main-menu-item--name']] displayed</small> </font> </div>
<div class="test-event"> <font color="maroon"> <small> &emsp; &emsp;--- 24 Jan 22:52:55 703 - PIM Element displayed</small> </font> </div>
<div class="test-event"> <font color="maroon"> <small> &emsp; &emsp;--- 24 Jan 22:52:55 735 - Webelement dimension: (39, 19)</small> </font> </div>
<div class="test-event"> <font color="maroon"> <small> &emsp; &emsp;--- 24 Jan 22:52:57 503 - Clicked on PIM</small> </font> </div>
<div class="test-message">&emsp;Main menu : PIM selected&emsp;<a href=".\ScreenShot\TC003_2.png" target="_blank" >[ScreenShot]</a></div>
<div class="test-event"> <font color="maroon"> <small> &emsp; &emsp;--- 24 Jan 22:52:58 628 - Page URL:: https://opensource-demo.orangehrmlive.com/web/index.php/pim/viewemployeelist</small> </font> </div>
<div class="test-event"> <font color="maroon"> <small> &emsp; &emsp;--- 24 Jan 22:52:58 631 - <b>0</b> - Page Load Wait: (Sync) - com.OrangeHRM.utils.WaitUtils.waitForPageLoad(WaitUtils.java:50)</small> </font> </div>
<div class="test-event"> <font color="maroon"> <small> &emsp; &emsp;--- 24 Jan 22:52:58 750 - [[ChromeDriver: chrome on windows (74bc8c4a8ede1aca46f79ffe333f48b5)] -> css selector: h6[class*='oxd-topbar-header']] displayed</small> </font> </div>
<div class="test-event"> <font color="maroon"> <small> &emsp; &emsp;--- 24 Jan 22:52:58 779 - Webelement dimension: (109, 30)</small> </font> </div>
<div class="test-event"> <font color="maroon"> <small> &emsp; &emsp;--- 24 Jan 22:52:59 481 - Clicked on Add button</small> </font> </div>
<div class="test-event"> <font color="maroon"> <small> &emsp; &emsp;--- 24 Jan 22:53:00 619 - Entered value Hellen in FirstName</small> </font> </div>
<div class="test-event"> <font color="maroon"> <small> &emsp; &emsp;--- 24 Jan 22:53:01 202 - Entered value Rolfson in LastName</small> </font> </div>
<div class="test-event"> <font color="maroon"> <small> &emsp; &emsp;--- 24 Jan 22:53:01 790 - Entered value 3 in Employeee Id</small> </font> </div>
<div class="test-event"> <font color="maroon"> <small> &emsp; &emsp;--- 24 Jan 22:53:01 827 - [[ChromeDriver: chrome on windows (74bc8c4a8ede1aca46f79ffe333f48b5)] -> css selector: div.oxd-grid-2 input[class*='oxd-input oxd-input']] displayed</small> </font> </div>
<div class="test-message">&emsp;Employee Id : 03073&emsp;<a href=".\ScreenShot\TC003_3.png" target="_blank" >[ScreenShot]</a></div>
<div class="test-event"> <font color="maroon"> <small> &emsp; &emsp;--- 24 Jan 22:53:02 268 - Webelement dimension: (100, 31)</small> </font> </div>
<div class="test-event"> <font color="maroon"> <small> &emsp; &emsp;--- 24 Jan 22:53:02 337 - Clicked on Save button</small> </font> </div>
<div class="test-event"> <font color="maroon"> <small> &emsp; &emsp;--- 24 Jan 22:53:03 005 - [[ChromeDriver: chrome on windows (74bc8c4a8ede1aca46f79ffe333f48b5)] -> css selector: div[class*='oxd-toast--success']] displayed</small> </font> </div>
<div class="test-event"> <font color="maroon"> <small> &emsp; &emsp;--- 24 Jan 22:53:03 047 - Employee List Element displayed</small> </font> </div>
<div class="test-event"> <font color="maroon"> <small> &emsp; &emsp;--- 24 Jan 22:53:03 075 - Webelement dimension: (76, 16)</small> </font> </div>
<div class="test-event"> <font color="maroon"> <small> &emsp; &emsp;--- 24 Jan 22:53:03 772 - Clicked on Employee List</small> </font> </div>
<div class="test-message">&emsp;Nav menu : Employee List selected&emsp;<a href=".\ScreenShot\TC003_4.png" target="_blank" >[ScreenShot]</a></div>
<div class="test-message">&emsp;Employee Name: Hellen Rolfson selected&emsp;<a href=".\ScreenShot\TC003_5.png" target="_blank" >[ScreenShot]</a></div>
<div class="test-event"> <font color="maroon"> <small> &emsp; &emsp;--- 24 Jan 22:53:09 625 - Options Element displayed</small> </font> </div>
<div class="test-event"> <font color="maroon"> <small> &emsp; &emsp;--- 24 Jan 22:53:09 654 - Options elements displayed size: 1</small> </font> </div>
<div class="test-event"> <font color="maroon"> <small> &emsp; &emsp;--- 24 Jan 22:53:09 676 - Webelement dimension: (189, 35)</small> </font> </div>
<div class="test-event"> <font color="maroon"> <small> &emsp; &emsp;--- 24 Jan 22:53:09 733 - Clicked on Option field</small> </font> </div>
<div class="test-event"> <font color="maroon"> <small> &emsp; &emsp;--- 24 Jan 22:53:09 810 - Employee Id Element displayed</small> </font> </div>
<div class="test-event"> <font color="maroon"> <small> &emsp; &emsp;--- 24 Jan 22:53:10 126 - Entered value 03073 in Employee Id</small> </font> </div>
<div class="test-event"> <font color="maroon"> <small> &emsp; &emsp;--- 24 Jan 22:53:10 175 - Webelement dimension: (107, 31)</small> </font> </div>
<div class="test-event"> <font color="maroon"> <small> &emsp; &emsp;--- 24 Jan 22:53:10 267 - Clicked on Search button</small> </font> </div>
<div class="test-event"> <font color="maroon"> <small> &emsp; &emsp;--- 24 Jan 22:53:10 856 - Table rows Element displayed</small> </font> </div>
<div class="test-event"> <font color="maroon"> <small> &emsp; &emsp;--- 24 Jan 22:53:10 898 - Table rows elements displayed size: 1</small> </font> </div>
<div class="test-event"> <font color="maroon"> <small> &emsp; &emsp;--- 24 Jan 22:53:10 948 - [[ChromeDriver: chrome on windows (74bc8c4a8ede1aca46f79ffe333f48b5)] -> xpath: //span[text()='(1) Record Found']] displayed</small> </font> </div>
<div class="test-message">&emsp;Employee Details is verified successfully&emsp;<a href=".\ScreenShot\TC003_6.png" target="_blank" >[ScreenShot]</a></div>
<div class="test-event"> <font color="maroon"> <small> &emsp; &emsp;--- 24 Jan 22:54:47 529 - Table rows Element displayed</small> </font> </div>
<div class="test-event"> <font color="maroon"> <small> &emsp; &emsp;--- 24 Jan 22:54:48 527 - Table rows elements displayed size: 1</small> </font> </div>
<div class="test-event"> <font color="maroon"> <small> &emsp; &emsp;--- 24 Jan 22:54:48 954 - [[ChromeDriver: chrome on windows (74bc8c4a8ede1aca46f79ffe333f48b5)] -> xpath: //span[text()='(1) Record Found']] displayed</small> </font> </div>
<div class="test-event"> <font color="maroon"> <small> &emsp; &emsp;--- 24 Jan 22:55:25 664 - Table rows Element displayed</small> </font> </div>
<div class="test-event"> <font color="maroon"> <small> &emsp; &emsp;--- 24 Jan 22:55:25 692 - Table rows elements displayed size: 1</small> </font> </div>
<div class="test-event"> <font color="maroon"> <small> &emsp; &emsp;--- 24 Jan 22:55:25 728 - [[ChromeDriver: chrome on windows (74bc8c4a8ede1aca46f79ffe333f48b5)] -> xpath: //span[text()='(1) Record Found']] displayed</small> </font> </div>
<div class="test-message">&emsp;Employee Details is verified successfully&emsp;<a href=".\ScreenShot\TC003_7.png" target="_blank" >[ScreenShot]</a></div>
<div class="test-event"> <font color="maroon"> <small> &emsp; &emsp;--- 24 Jan 22:55:32 224 - Webelement dimension: (904, 46)</small> </font> </div>
<div class="test-event"> <font color="maroon"> <small> &emsp; &emsp;--- 24 Jan 22:55:33 966 - Clicked on Employee row</small> </font> </div>
<div class="test-event"> <font color="maroon"> <small> &emsp; &emsp;--- 24 Jan 22:55:34 167 - Page URL:: https://opensource-demo.orangehrmlive.com/web/index.php/pim/viewpersonaldetails/empnumber/100</small> </font> </div>
<div class="test-event"> <font color="maroon"> <small> &emsp; &emsp;--- 24 Jan 22:55:34 170 - <b>0</b> - Page Load Wait: (Sync) - com.OrangeHRM.utils.WaitUtils.waitForPageLoad(WaitUtils.java:50)</small> </font> </div>
<div class="test-event"> <font color="maroon"> <small> &emsp; &emsp;--- 24 Jan 22:55:36 490 - [[ChromeDriver: chrome on windows (74bc8c4a8ede1aca46f79ffe333f48b5)] -> css selector: div[class='orangehrm-edit-employee-name']] displayed</small> </font> </div>
<div class="test-result"><br><font color="green"><strong> Test Passed. </strong></font> </div>&emsp;
<div class="test-event"> <font color="maroon"> <small> &emsp; &emsp;--- 24 Jan 22:55:36 502 - WebDriver session: ChromeDriver: chrome on windows (74bc8c4a8ede1aca46f79ffe333f48b5)</small> </font> </div>]]>
    </system-out>
  </testcase> <!-- TC003 -->
  <system-out>
    <![CDATA[<div class="test-event"> <font color="maroon"> <small> &emsp; &emsp;--- 24 Jan 22:51:41 915 - TestCaseID:: TC003</small> </font> </div>
<div class="test-event"> <font color="maroon"> <small> &emsp; &emsp;--- 24 Jan 22:51:51 025 - <b>9</b> - Driver::initialize::Get - com.OrangeHRM.utils.WebDriverFactory.getDriver(WebDriverFactory.java:756)</small> </font> </div>
<div class="test-event"> <font color="maroon"> <small> &emsp; &emsp;--- 24 Jan 22:51:51 034 - WebDriver session: ChromeDriver: chrome on windows (74bc8c4a8ede1aca46f79ffe333f48b5)</small> </font> </div>
&emsp;<div class="test-title"> <strong><font size = "3" color = "#000080">Create new Employee and Verify In Employee Table</font> </strong> </div>&emsp;<div><strong>Steps:</strong></div><!-- Report -->&emsp;
<div class="test-event"> <font color="maroon"> <small> &emsp; &emsp;--- 24 Jan 22:51:51 057 - Fetching test data from excel sheet</small> </font> </div>
<div class="test-event"> <font color="maroon"> <small> &emsp; &emsp;--- 24 Jan 22:52:52 606 - Entered value Admin in Username field</small> </font> </div>
<div class="test-event"> <font color="maroon"> <small> &emsp; &emsp;--- 24 Jan 22:52:53 020 - Entered value admin123 in Password field</small> </font> </div>
<div class="test-event"> <font color="maroon"> <small> &emsp; &emsp;--- 24 Jan 22:52:53 053 - Webelement dimension: (419, 46)</small> </font> </div>
<div class="test-event"> <font color="maroon"> <small> &emsp; &emsp;--- 24 Jan 22:52:54 793 - Clicked on Login button</small> </font> </div>
<div class="test-message">&emsp;Login to Application&emsp;<a href=".\ScreenShot\TC003_1.png" target="_blank" >[ScreenShot]</a></div>
<div class="test-event"> <font color="maroon"> <small> &emsp; &emsp;--- 24 Jan 22:52:55 083 - Page URL:: https://opensource-demo.orangehrmlive.com/web/index.php/dashboard/index</small> </font> </div>
<div class="test-event"> <font color="maroon"> <small> &emsp; &emsp;--- 24 Jan 22:52:55 084 - <b>0</b> - Page Load Wait: (Sync) - com.OrangeHRM.utils.WaitUtils.waitForPageLoad(WaitUtils.java:50)</small> </font> </div>
<div class="test-event"> <font color="maroon"> <small> &emsp; &emsp;--- 24 Jan 22:52:55 435 - [[ChromeDriver: chrome on windows (74bc8c4a8ede1aca46f79ffe333f48b5)] -> css selector: p[class*='orangehrm-copyright']] displayed</small> </font> </div>
<div class="test-event"> <font color="maroon"> <small> &emsp; &emsp;--- 24 Jan 22:52:55 520 - [[ChromeDriver: chrome on windows (74bc8c4a8ede1aca46f79ffe333f48b5)] -> css selector: span[class*='oxd-main-menu-item--name']] displayed</small> </font> </div>
<div class="test-event"> <font color="maroon"> <small> &emsp; &emsp;--- 24 Jan 22:52:55 703 - PIM Element displayed</small> </font> </div>
<div class="test-event"> <font color="maroon"> <small> &emsp; &emsp;--- 24 Jan 22:52:55 735 - Webelement dimension: (39, 19)</small> </font> </div>
<div class="test-event"> <font color="maroon"> <small> &emsp; &emsp;--- 24 Jan 22:52:57 503 - Clicked on PIM</small> </font> </div>
<div class="test-message">&emsp;Main menu : PIM selected&emsp;<a href=".\ScreenShot\TC003_2.png" target="_blank" >[ScreenShot]</a></div>
<div class="test-event"> <font color="maroon"> <small> &emsp; &emsp;--- 24 Jan 22:52:58 628 - Page URL:: https://opensource-demo.orangehrmlive.com/web/index.php/pim/viewemployeelist</small> </font> </div>
<div class="test-event"> <font color="maroon"> <small> &emsp; &emsp;--- 24 Jan 22:52:58 631 - <b>0</b> - Page Load Wait: (Sync) - com.OrangeHRM.utils.WaitUtils.waitForPageLoad(WaitUtils.java:50)</small> </font> </div>
<div class="test-event"> <font color="maroon"> <small> &emsp; &emsp;--- 24 Jan 22:52:58 750 - [[ChromeDriver: chrome on windows (74bc8c4a8ede1aca46f79ffe333f48b5)] -> css selector: h6[class*='oxd-topbar-header']] displayed</small> </font> </div>
<div class="test-event"> <font color="maroon"> <small> &emsp; &emsp;--- 24 Jan 22:52:58 779 - Webelement dimension: (109, 30)</small> </font> </div>
<div class="test-event"> <font color="maroon"> <small> &emsp; &emsp;--- 24 Jan 22:52:59 481 - Clicked on Add button</small> </font> </div>
<div class="test-event"> <font color="maroon"> <small> &emsp; &emsp;--- 24 Jan 22:53:00 619 - Entered value Hellen in FirstName</small> </font> </div>
<div class="test-event"> <font color="maroon"> <small> &emsp; &emsp;--- 24 Jan 22:53:01 202 - Entered value Rolfson in LastName</small> </font> </div>
<div class="test-event"> <font color="maroon"> <small> &emsp; &emsp;--- 24 Jan 22:53:01 790 - Entered value 3 in Employeee Id</small> </font> </div>
<div class="test-event"> <font color="maroon"> <small> &emsp; &emsp;--- 24 Jan 22:53:01 827 - [[ChromeDriver: chrome on windows (74bc8c4a8ede1aca46f79ffe333f48b5)] -> css selector: div.oxd-grid-2 input[class*='oxd-input oxd-input']] displayed</small> </font> </div>
<div class="test-message">&emsp;Employee Id : 03073&emsp;<a href=".\ScreenShot\TC003_3.png" target="_blank" >[ScreenShot]</a></div>
<div class="test-event"> <font color="maroon"> <small> &emsp; &emsp;--- 24 Jan 22:53:02 268 - Webelement dimension: (100, 31)</small> </font> </div>
<div class="test-event"> <font color="maroon"> <small> &emsp; &emsp;--- 24 Jan 22:53:02 337 - Clicked on Save button</small> </font> </div>
<div class="test-event"> <font color="maroon"> <small> &emsp; &emsp;--- 24 Jan 22:53:03 005 - [[ChromeDriver: chrome on windows (74bc8c4a8ede1aca46f79ffe333f48b5)] -> css selector: div[class*='oxd-toast--success']] displayed</small> </font> </div>
<div class="test-event"> <font color="maroon"> <small> &emsp; &emsp;--- 24 Jan 22:53:03 047 - Employee List Element displayed</small> </font> </div>
<div class="test-event"> <font color="maroon"> <small> &emsp; &emsp;--- 24 Jan 22:53:03 075 - Webelement dimension: (76, 16)</small> </font> </div>
<div class="test-event"> <font color="maroon"> <small> &emsp; &emsp;--- 24 Jan 22:53:03 772 - Clicked on Employee List</small> </font> </div>
<div class="test-message">&emsp;Nav menu : Employee List selected&emsp;<a href=".\ScreenShot\TC003_4.png" target="_blank" >[ScreenShot]</a></div>
<div class="test-message">&emsp;Employee Name: Hellen Rolfson selected&emsp;<a href=".\ScreenShot\TC003_5.png" target="_blank" >[ScreenShot]</a></div>
<div class="test-event"> <font color="maroon"> <small> &emsp; &emsp;--- 24 Jan 22:53:09 625 - Options Element displayed</small> </font> </div>
<div class="test-event"> <font color="maroon"> <small> &emsp; &emsp;--- 24 Jan 22:53:09 654 - Options elements displayed size: 1</small> </font> </div>
<div class="test-event"> <font color="maroon"> <small> &emsp; &emsp;--- 24 Jan 22:53:09 676 - Webelement dimension: (189, 35)</small> </font> </div>
<div class="test-event"> <font color="maroon"> <small> &emsp; &emsp;--- 24 Jan 22:53:09 733 - Clicked on Option field</small> </font> </div>
<div class="test-event"> <font color="maroon"> <small> &emsp; &emsp;--- 24 Jan 22:53:09 810 - Employee Id Element displayed</small> </font> </div>
<div class="test-event"> <font color="maroon"> <small> &emsp; &emsp;--- 24 Jan 22:53:10 126 - Entered value 03073 in Employee Id</small> </font> </div>
<div class="test-event"> <font color="maroon"> <small> &emsp; &emsp;--- 24 Jan 22:53:10 175 - Webelement dimension: (107, 31)</small> </font> </div>
<div class="test-event"> <font color="maroon"> <small> &emsp; &emsp;--- 24 Jan 22:53:10 267 - Clicked on Search button</small> </font> </div>
<div class="test-event"> <font color="maroon"> <small> &emsp; &emsp;--- 24 Jan 22:53:10 856 - Table rows Element displayed</small> </font> </div>
<div class="test-event"> <font color="maroon"> <small> &emsp; &emsp;--- 24 Jan 22:53:10 898 - Table rows elements displayed size: 1</small> </font> </div>
<div class="test-event"> <font color="maroon"> <small> &emsp; &emsp;--- 24 Jan 22:53:10 948 - [[ChromeDriver: chrome on windows (74bc8c4a8ede1aca46f79ffe333f48b5)] -> xpath: //span[text()='(1) Record Found']] displayed</small> </font> </div>
<div class="test-message">&emsp;Employee Details is verified successfully&emsp;<a href=".\ScreenShot\TC003_6.png" target="_blank" >[ScreenShot]</a></div>
<div class="test-event"> <font color="maroon"> <small> &emsp; &emsp;--- 24 Jan 22:54:47 529 - Table rows Element displayed</small> </font> </div>
<div class="test-event"> <font color="maroon"> <small> &emsp; &emsp;--- 24 Jan 22:54:48 527 - Table rows elements displayed size: 1</small> </font> </div>
<div class="test-event"> <font color="maroon"> <small> &emsp; &emsp;--- 24 Jan 22:54:48 954 - [[ChromeDriver: chrome on windows (74bc8c4a8ede1aca46f79ffe333f48b5)] -> xpath: //span[text()='(1) Record Found']] displayed</small> </font> </div>
<div class="test-event"> <font color="maroon"> <small> &emsp; &emsp;--- 24 Jan 22:55:25 664 - Table rows Element displayed</small> </font> </div>
<div class="test-event"> <font color="maroon"> <small> &emsp; &emsp;--- 24 Jan 22:55:25 692 - Table rows elements displayed size: 1</small> </font> </div>
<div class="test-event"> <font color="maroon"> <small> &emsp; &emsp;--- 24 Jan 22:55:25 728 - [[ChromeDriver: chrome on windows (74bc8c4a8ede1aca46f79ffe333f48b5)] -> xpath: //span[text()='(1) Record Found']] displayed</small> </font> </div>
<div class="test-message">&emsp;Employee Details is verified successfully&emsp;<a href=".\ScreenShot\TC003_7.png" target="_blank" >[ScreenShot]</a></div>
<div class="test-event"> <font color="maroon"> <small> &emsp; &emsp;--- 24 Jan 22:55:32 224 - Webelement dimension: (904, 46)</small> </font> </div>
<div class="test-event"> <font color="maroon"> <small> &emsp; &emsp;--- 24 Jan 22:55:33 966 - Clicked on Employee row</small> </font> </div>
<div class="test-event"> <font color="maroon"> <small> &emsp; &emsp;--- 24 Jan 22:55:34 167 - Page URL:: https://opensource-demo.orangehrmlive.com/web/index.php/pim/viewpersonaldetails/empnumber/100</small> </font> </div>
<div class="test-event"> <font color="maroon"> <small> &emsp; &emsp;--- 24 Jan 22:55:34 170 - <b>0</b> - Page Load Wait: (Sync) - com.OrangeHRM.utils.WaitUtils.waitForPageLoad(WaitUtils.java:50)</small> </font> </div>
<div class="test-event"> <font color="maroon"> <small> &emsp; &emsp;--- 24 Jan 22:55:36 490 - [[ChromeDriver: chrome on windows (74bc8c4a8ede1aca46f79ffe333f48b5)] -> css selector: div[class='orangehrm-edit-employee-name']] displayed</small> </font> </div>
<div class="test-result"><br><font color="green"><strong> Test Passed. </strong></font> </div>&emsp;
<div class="test-event"> <font color="maroon"> <small> &emsp; &emsp;--- 24 Jan 22:55:36 502 - WebDriver session: ChromeDriver: chrome on windows (74bc8c4a8ede1aca46f79ffe333f48b5)</small> </font> </div>]]>
  </system-out>
</testsuite> <!-- com.OrangeHRM.testscripts.EmployeeTestSuite -->
