<?xml version="1.0" encoding="UTF-8"?>
<!-- Generated by org.testng.reporters.JUnitReportReporter -->
<testsuite hostname="Asplap2656" failures="0" tests="1" name="com.OrangeHRM.testscripts.RecruitmentTestSuite" time="74.639" errors="0" timestamp="2024-01-25T13:41:02 IST" skipped="0">
  <testcase classname="com.OrangeHRM.testscripts.RecruitmentTestSuite" name="TC401" time="74.639">
    <system-out>
      <![CDATA[<div class="test-event"> <font color="maroon"> <small> &emsp; &emsp;--- 25 Jan 13:39:44 654 - TestCaseID:: TC401</small> </font> </div>
<div class="test-event"> <font color="maroon"> <small> &emsp; &emsp;--- 25 Jan 13:39:46 877 - <b>2</b> - Driver::initialize::Get - com.OrangeHRM.utils.WebDriverFactory.getDriver(WebDriverFactory.java:767)</small> </font> </div>
<div class="test-event"> <font color="maroon"> <small> &emsp; &emsp;--- 25 Jan 13:39:46 889 - WebDriver session: ChromeDriver: chrome on windows (bdc64c97e7a4ab55f185462038d37fae)</small> </font> </div>
&emsp;<div class="test-title"> <strong><font size = "3" color = "#000080">Add new candidate and Hire</font> </strong> </div>&emsp;<div><strong>Steps:</strong></div><!-- Report -->&emsp;
<div class="test-event"> <font color="maroon"> <small> &emsp; &emsp;--- 25 Jan 13:39:46 920 - Fetching test data from excel sheet</small> </font> </div>
<div class="test-event"> <font color="maroon"> <small> &emsp; &emsp;--- 25 Jan 13:39:56 311 - Entered value Admin in Username field</small> </font> </div>
<div class="test-event"> <font color="maroon"> <small> &emsp; &emsp;--- 25 Jan 13:39:56 636 - Entered value admin123 in Password field</small> </font> </div>
<div class="test-event"> <font color="maroon"> <small> &emsp; &emsp;--- 25 Jan 13:39:56 668 - Webelement dimension: (485, 46)</small> </font> </div>
<div class="test-event"> <font color="maroon"> <small> &emsp; &emsp;--- 25 Jan 13:39:58 005 - Clicked on Login button</small> </font> </div>
<div class="test-message">&emsp;Login to Application&emsp;<a href=".\ScreenShot\TC401_1.png" target="_blank" >[ScreenShot]</a></div>
<div class="test-event"> <font color="maroon"> <small> &emsp; &emsp;--- 25 Jan 13:39:58 684 - Page URL:: https://opensource-demo.orangehrmlive.com/web/index.php/dashboard/index</small> </font> </div>
<div class="test-event"> <font color="maroon"> <small> &emsp; &emsp;--- 25 Jan 13:39:58 689 - <b>0</b> - Page Load Wait: (Sync) - com.OrangeHRM.utils.WaitUtils.waitForPageLoad(WaitUtils.java:50)</small> </font> </div>
<div class="test-event"> <font color="maroon"> <small> &emsp; &emsp;--- 25 Jan 13:39:58 866 - [[ChromeDriver: chrome on windows (bdc64c97e7a4ab55f185462038d37fae)] -> css selector: p[class*='orangehrm-copyright']] displayed</small> </font> </div>
<div class="test-event"> <font color="maroon"> <small> &emsp; &emsp;--- 25 Jan 13:39:58 924 - [[ChromeDriver: chrome on windows (bdc64c97e7a4ab55f185462038d37fae)] -> css selector: p.oxd-userdropdown-name] displayed</small> </font> </div>
<div class="test-event"> <font color="maroon"> <small> &emsp; &emsp;--- 25 Jan 13:39:59 122 - [[ChromeDriver: chrome on windows (bdc64c97e7a4ab55f185462038d37fae)] -> css selector: span[class*='oxd-main-menu-item--name']] displayed</small> </font> </div>
<div class="test-event"> <font color="maroon"> <small> &emsp; &emsp;--- 25 Jan 13:39:59 297 - Recruitment Element displayed</small> </font> </div>
<div class="test-event"> <font color="maroon"> <small> &emsp; &emsp;--- 25 Jan 13:39:59 335 - Webelement dimension: (91, 19)</small> </font> </div>
<div class="test-event"> <font color="maroon"> <small> &emsp; &emsp;--- 25 Jan 13:40:00 689 - Clicked on Recruitment</small> </font> </div>
<div class="test-message">&emsp;Main menu : Recruitment selected&emsp;<a href=".\ScreenShot\TC401_2.png" target="_blank" >[ScreenShot]</a></div>
<div class="test-event"> <font color="maroon"> <small> &emsp; &emsp;--- 25 Jan 13:40:01 381 - Page URL:: https://opensource-demo.orangehrmlive.com/web/index.php/recruitment/viewcandidates</small> </font> </div>
<div class="test-event"> <font color="maroon"> <small> &emsp; &emsp;--- 25 Jan 13:40:01 383 - <b>0</b> - Page Load Wait: (Sync) - com.OrangeHRM.utils.WaitUtils.waitForPageLoad(WaitUtils.java:50)</small> </font> </div>
<div class="test-event"> <font color="maroon"> <small> &emsp; &emsp;--- 25 Jan 13:40:01 441 - [[ChromeDriver: chrome on windows (bdc64c97e7a4ab55f185462038d37fae)] -> xpath: //h6[text()='Recruitment']] displayed</small> </font> </div>
<div class="test-event"> <font color="maroon"> <small> &emsp; &emsp;--- 25 Jan 13:40:01 475 - Webelement dimension: (109, 30)</small> </font> </div>
<div class="test-event"> <font color="maroon"> <small> &emsp; &emsp;--- 25 Jan 13:40:03 001 - Clicked on Add button</small> </font> </div>
<div class="test-event"> <font color="maroon"> <small> &emsp; &emsp;--- 25 Jan 13:40:03 904 - Entered value Fritz in FirstName</small> </font> </div>
<div class="test-event"> <font color="maroon"> <small> &emsp; &emsp;--- 25 Jan 13:40:04 314 - Entered value Ernser in LastName</small> </font> </div>
<div class="test-event"> <font color="maroon"> <small> &emsp; &emsp;--- 25 Jan 13:40:04 368 - Vacancy Element displayed</small> </font> </div>
<div class="test-event"> <font color="maroon"> <small> &emsp; &emsp;--- 25 Jan 13:40:04 393 - Webelement dimension: (541, 45)</small> </font> </div>
<div class="test-event"> <font color="maroon"> <small> &emsp; &emsp;--- 25 Jan 13:40:04 441 - Clicked on Vacancy</small> </font> </div>
<div class="test-event"> <font color="maroon"> <small> &emsp; &emsp;--- 25 Jan 13:40:04 481 - Options elements displayed: 7</small> </font> </div>
<div class="test-event"> <font color="maroon"> <small> &emsp; &emsp;--- 25 Jan 13:40:04 506 - Options elements displayed size: 7</small> </font> </div>
<div class="test-event"> <font color="maroon"> <small> &emsp; &emsp;--- 25 Jan 13:40:04 874 - Vacancy Element displayed</small> </font> </div>
<div class="test-event"> <font color="maroon"> <small> &emsp; &emsp;--- 25 Jan 13:40:04 900 - Webelement dimension: (135, 16)</small> </font> </div>
<div class="test-event"> <font color="maroon"> <small> &emsp; &emsp;--- 25 Jan 13:40:04 957 - Clicked on Senior Support Specialist</small> </font> </div>
<div class="test-message">&emsp;Vacancy: Senior Support Specialist selected&emsp;<a href=".\ScreenShot\TC401_3.png" target="_blank" >[ScreenShot]</a></div>
<div class="test-event"> <font color="maroon"> <small> &emsp; &emsp;--- 25 Jan 13:40:05 532 - Email Element displayed</small> </font> </div>
<div class="test-event"> <font color="maroon"> <small> &emsp; &emsp;--- 25 Jan 13:40:06 021 - Entered value september.macgyver@hotmail.com in Email</small> </font> </div>
<div class="test-message">&emsp;Email: september.macgyver@hotmail.com selected&emsp;<a href=".\ScreenShot\TC401_4.png" target="_blank" >[ScreenShot]</a></div>
<div class="test-event"> <font color="maroon"> <small> &emsp; &emsp;--- 25 Jan 13:40:06 534 - Date of Application Element displayed</small> </font> </div>
<div class="test-event"> <font color="maroon"> <small> &emsp; &emsp;--- 25 Jan 13:40:07 034 - Entered value 1975-01-09 in Date of Application</small> </font> </div>
<div class="test-message">&emsp;Date of Application: 1975-01-09 selected&emsp;<a href=".\ScreenShot\TC401_5.png" target="_blank" >[ScreenShot]</a></div>
<div class="test-event"> <font color="maroon"> <small> &emsp; &emsp;--- 25 Jan 13:40:07 589 - Contact Number Element displayed</small> </font> </div>
<div class="test-event"> <font color="maroon"> <small> &emsp; &emsp;--- 25 Jan 13:40:08 034 - Entered value 2166220642 in Contact Number</small> </font> </div>
<div class="test-message">&emsp;Contact Number: 2166220642 selected&emsp;<a href=".\ScreenShot\TC401_6.png" target="_blank" >[ScreenShot]</a></div>
<div class="test-event"> <font color="maroon"> <small> &emsp; &emsp;--- 25 Jan 13:40:08 517 - Webelement dimension: (100, 31)</small> </font> </div>
<div class="test-event"> <font color="maroon"> <small> &emsp; &emsp;--- 25 Jan 13:40:08 578 - Clicked on Save candidate</small> </font> </div>
<div class="test-event"> <font color="maroon"> <small> &emsp; &emsp;--- 25 Jan 13:40:09 496 - [[ChromeDriver: chrome on windows (bdc64c97e7a4ab55f185462038d37fae)] -> css selector: div[class*='oxd-toast--success']] displayed</small> </font> </div>
<div class="test-event"> <font color="maroon"> <small> &emsp; &emsp;--- 25 Jan 13:40:13 490 - [[ChromeDriver: chrome on windows (bdc64c97e7a4ab55f185462038d37fae)] -> xpath: //p[text()='Status: Application Initiated']] displayed</small> </font> </div>
<div class="test-event"> <font color="maroon"> <small> &emsp; &emsp;--- 25 Jan 13:40:13 841 - Webelement dimension: (118, 30)</small> </font> </div>
<div class="test-event"> <font color="maroon"> <small> &emsp; &emsp;--- 25 Jan 13:40:14 490 - Clicked on Shortlist Candidate</small> </font> </div>
<div class="test-message">&emsp;Candidate :Shortlist in interview&emsp;<a href=".\ScreenShot\TC401_7.png" target="_blank" >[ScreenShot]</a></div>
<div class="test-event"> <font color="maroon"> <small> &emsp; &emsp;--- 25 Jan 13:40:15 166 - Webelement dimension: (100, 31)</small> </font> </div>
<div class="test-event"> <font color="maroon"> <small> &emsp; &emsp;--- 25 Jan 13:40:15 505 - Clicked on Save candidate</small> </font> </div>
<div class="test-event"> <font color="maroon"> <small> &emsp; &emsp;--- 25 Jan 13:40:16 184 - [[ChromeDriver: chrome on windows (bdc64c97e7a4ab55f185462038d37fae)] -> css selector: div[class*='oxd-toast--success']] displayed</small> </font> </div>
<div class="test-event"> <font color="maroon"> <small> &emsp; &emsp;--- 25 Jan 13:40:21 001 - [[ChromeDriver: chrome on windows (bdc64c97e7a4ab55f185462038d37fae)] -> xpath: //p[text()='Status: Shortlisted']] displayed</small> </font> </div>
<div class="test-event"> <font color="maroon"> <small> &emsp; &emsp;--- 25 Jan 13:40:21 636 - Webelement dimension: (185, 30)</small> </font> </div>
<div class="test-event"> <font color="maroon"> <small> &emsp; &emsp;--- 25 Jan 13:40:22 415 - Clicked on Schedule Interview</small> </font> </div>
<div class="test-message">&emsp;Candidate :Schedule in interview&emsp;<a href=".\ScreenShot\TC401_8.png" target="_blank" >[ScreenShot]</a></div>
<div class="test-event"> <font color="maroon"> <small> &emsp; &emsp;--- 25 Jan 13:40:22 953 - Interview Title Element displayed</small> </font> </div>
<div class="test-event"> <font color="maroon"> <small> &emsp; &emsp;--- 25 Jan 13:40:23 497 - Entered value National Metrics Liaison in Interview Title</small> </font> </div>
<div class="test-message">&emsp;Interview Title: National Metrics Liaison selected&emsp;<a href=".\ScreenShot\TC401_9.png" target="_blank" >[ScreenShot]</a></div>
<div class="test-event"> <font color="maroon"> <small> &emsp; &emsp;--- 25 Jan 13:40:24 023 - Date Element displayed</small> </font> </div>
<div class="test-event"> <font color="maroon"> <small> &emsp; &emsp;--- 25 Jan 13:40:24 434 - Entered value 1975-01-09 in Date</small> </font> </div>
<div class="test-message">&emsp;Date: 1975-01-09 selected&emsp;<a href=".\ScreenShot\TC401_10.png" target="_blank" >[ScreenShot]</a></div>
<div class="test-event"> <font color="maroon"> <small> &emsp; &emsp;--- 25 Jan 13:40:27 577 - Options Element displayed</small> </font> </div>
<div class="test-event"> <font color="maroon"> <small> &emsp; &emsp;--- 25 Jan 13:40:27 618 - Options elements displayed size: 1</small> </font> </div>
<div class="test-event"> <font color="maroon"> <small> &emsp; &emsp;--- 25 Jan 13:40:27 643 - Webelement dimension: (532, 35)</small> </font> </div>
<div class="test-event"> <font color="maroon"> <small> &emsp; &emsp;--- 25 Jan 13:40:27 691 - Clicked on Option field</small> </font> </div>
<div class="test-message">&emsp;Interviewer Name: Paul Collings selected&emsp;<a href=".\ScreenShot\TC401_11.png" target="_blank" >[ScreenShot]</a></div>
<div class="test-event"> <font color="maroon"> <small> &emsp; &emsp;--- 25 Jan 13:40:28 147 - Webelement dimension: (100, 31)</small> </font> </div>
<div class="test-event"> <font color="maroon"> <small> &emsp; &emsp;--- 25 Jan 13:40:28 203 - Clicked on Save Schedule Interview</small> </font> </div>
<div class="test-event"> <font color="maroon"> <small> &emsp; &emsp;--- 25 Jan 13:40:28 814 - [[ChromeDriver: chrome on windows (bdc64c97e7a4ab55f185462038d37fae)] -> css selector: div[class*='oxd-toast--success']] displayed</small> </font> </div>
<div class="test-event"> <font color="maroon"> <small> &emsp; &emsp;--- 25 Jan 13:40:33 324 - [[ChromeDriver: chrome on windows (bdc64c97e7a4ab55f185462038d37fae)] -> xpath: //p[text()='Status: Interview Scheduled']] displayed</small> </font> </div>
<div class="test-event"> <font color="maroon"> <small> &emsp; &emsp;--- 25 Jan 13:40:33 700 - Webelement dimension: (208, 30)</small> </font> </div>
<div class="test-event"> <font color="maroon"> <small> &emsp; &emsp;--- 25 Jan 13:40:34 313 - Clicked on Mark Interview Passed</small> </font> </div>
<div class="test-event"> <font color="maroon"> <small> &emsp; &emsp;--- 25 Jan 13:40:34 764 - Webelement dimension: (100, 31)</small> </font> </div>
<div class="test-event"> <font color="maroon"> <small> &emsp; &emsp;--- 25 Jan 13:40:35 198 - Clicked on Save Mark Interview Passed</small> </font> </div>
<div class="test-event"> <font color="maroon"> <small> &emsp; &emsp;--- 25 Jan 13:40:35 798 - [[ChromeDriver: chrome on windows (bdc64c97e7a4ab55f185462038d37fae)] -> css selector: div[class*='oxd-toast--success']] displayed</small> </font> </div>
<div class="test-event"> <font color="maroon"> <small> &emsp; &emsp;--- 25 Jan 13:40:39 536 - [[ChromeDriver: chrome on windows (bdc64c97e7a4ab55f185462038d37fae)] -> xpath: //p[text()='Status: Interview Passed']] displayed</small> </font> </div>
<div class="test-event"> <font color="maroon"> <small> &emsp; &emsp;--- 25 Jan 13:40:40 161 - Webelement dimension: (121, 30)</small> </font> </div>
<div class="test-event"> <font color="maroon"> <small> &emsp; &emsp;--- 25 Jan 13:40:40 745 - Clicked on Offer Job</small> </font> </div>
<div class="test-message">&emsp;Candidate got offer&emsp;<a href=".\ScreenShot\TC401_12.png" target="_blank" >[ScreenShot]</a></div>
<div class="test-event"> <font color="maroon"> <small> &emsp; &emsp;--- 25 Jan 13:40:41 232 - Webelement dimension: (100, 31)</small> </font> </div>
<div class="test-event"> <font color="maroon"> <small> &emsp; &emsp;--- 25 Jan 13:40:41 652 - Clicked on Save Offer Job</small> </font> </div>
<div class="test-event"> <font color="maroon"> <small> &emsp; &emsp;--- 25 Jan 13:40:42 287 - [[ChromeDriver: chrome on windows (bdc64c97e7a4ab55f185462038d37fae)] -> css selector: div[class*='oxd-toast--success']] displayed</small> </font> </div>
<div class="test-event"> <font color="maroon"> <small> &emsp; &emsp;--- 25 Jan 13:40:46 740 - [[ChromeDriver: chrome on windows (bdc64c97e7a4ab55f185462038d37fae)] -> xpath: //p[text()='Status: Job Offered']] displayed</small> </font> </div>
<div class="test-event"> <font color="maroon"> <small> &emsp; &emsp;--- 25 Jan 13:40:47 356 - Webelement dimension: (100, 30)</small> </font> </div>
<div class="test-event"> <font color="maroon"> <small> &emsp; &emsp;--- 25 Jan 13:40:47 951 - Clicked on Hire</small> </font> </div>
<div class="test-message">&emsp;Candidate Hired&emsp;<a href=".\ScreenShot\TC401_13.png" target="_blank" >[ScreenShot]</a></div>
<div class="test-event"> <font color="maroon"> <small> &emsp; &emsp;--- 25 Jan 13:40:48 396 - Webelement dimension: (100, 31)</small> </font> </div>
<div class="test-event"> <font color="maroon"> <small> &emsp; &emsp;--- 25 Jan 13:40:48 819 - Clicked on Save Hire Candidate</small> </font> </div>
<div class="test-event"> <font color="maroon"> <small> &emsp; &emsp;--- 25 Jan 13:40:49 466 - [[ChromeDriver: chrome on windows (bdc64c97e7a4ab55f185462038d37fae)] -> css selector: div[class*='oxd-toast--success']] displayed</small> </font> </div>
<div class="test-event"> <font color="maroon"> <small> &emsp; &emsp;--- 25 Jan 13:40:53 582 - [[ChromeDriver: chrome on windows (bdc64c97e7a4ab55f185462038d37fae)] -> xpath: //p[text()='Status: Hired']] displayed</small> </font> </div>
<div class="test-event"> <font color="maroon"> <small> &emsp; &emsp;--- 25 Jan 13:40:53 660 - [[ChromeDriver: chrome on windows (bdc64c97e7a4ab55f185462038d37fae)] -> css selector: span[class*='oxd-main-menu-item--name']] displayed</small> </font> </div>
<div class="test-event"> <font color="maroon"> <small> &emsp; &emsp;--- 25 Jan 13:40:53 697 - Recruitment Element displayed</small> </font> </div>
<div class="test-event"> <font color="maroon"> <small> &emsp; &emsp;--- 25 Jan 13:40:53 720 - Webelement dimension: (91, 19)</small> </font> </div>
<div class="test-event"> <font color="maroon"> <small> &emsp; &emsp;--- 25 Jan 13:40:54 714 - Clicked on Recruitment</small> </font> </div>
<div class="test-message">&emsp;Main menu : Recruitment selected&emsp;<a href=".\ScreenShot\TC401_14.png" target="_blank" >[ScreenShot]</a></div>
<div class="test-event"> <font color="maroon"> <small> &emsp; &emsp;--- 25 Jan 13:40:55 203 - Page URL:: https://opensource-demo.orangehrmlive.com/web/index.php/recruitment/viewcandidates</small> </font> </div>
<div class="test-event"> <font color="maroon"> <small> &emsp; &emsp;--- 25 Jan 13:40:55 203 - <b>0</b> - Page Load Wait: (Sync) - com.OrangeHRM.utils.WaitUtils.waitForPageLoad(WaitUtils.java:50)</small> </font> </div>
<div class="test-event"> <font color="maroon"> <small> &emsp; &emsp;--- 25 Jan 13:40:55 239 - [[ChromeDriver: chrome on windows (bdc64c97e7a4ab55f185462038d37fae)] -> xpath: //h6[text()='Recruitment']] displayed</small> </font> </div>
<div class="test-event"> <font color="maroon"> <small> &emsp; &emsp;--- 25 Jan 13:40:58 833 - Options Element displayed</small> </font> </div>
<div class="test-event"> <font color="maroon"> <small> &emsp; &emsp;--- 25 Jan 13:40:58 868 - Webelement dimension: (391, 35)</small> </font> </div>
<div class="test-event"> <font color="maroon"> <small> &emsp; &emsp;--- 25 Jan 13:40:58 925 - Clicked on Option field</small> </font> </div>
<div class="test-message">&emsp;Employee Name: Fritz Ernser selected&emsp;<a href=".\ScreenShot\TC401_15.png" target="_blank" >[ScreenShot]</a></div>
<div class="test-event"> <font color="maroon"> <small> &emsp; &emsp;--- 25 Jan 13:40:59 419 - Webelement dimension: (107, 31)</small> </font> </div>
<div class="test-event"> <font color="maroon"> <small> &emsp; &emsp;--- 25 Jan 13:40:59 470 - Clicked on Search button</small> </font> </div>
<div class="test-event"> <font color="maroon"> <small> &emsp; &emsp;--- 25 Jan 13:41:00 042 - Table rows Element displayed</small> </font> </div>
<div class="test-event"> <font color="maroon"> <small> &emsp; &emsp;--- 25 Jan 13:41:00 062 - Table rows elements displayed size: 1</small> </font> </div>
<div class="test-event"> <font color="maroon"> <small> &emsp; &emsp;--- 25 Jan 13:41:00 144 - Text value displayed for Table field : Senior Support Specialist</small> </font> </div>
<div class="test-event"> <font color="maroon"> <small> &emsp; &emsp;--- 25 Jan 13:41:00 190 - Text value displayed for Table field : Fritz Ernser</small> </font> </div>
<div class="test-event"> <font color="maroon"> <small> &emsp; &emsp;--- 25 Jan 13:41:00 235 - Text value displayed for Table field : Dominic Chase</small> </font> </div>
<div class="test-event"> <font color="maroon"> <small> &emsp; &emsp;--- 25 Jan 13:41:00 317 - Text value displayed for Table field : 1975-01-09</small> </font> </div>
<div class="test-event"> <font color="maroon"> <small> &emsp; &emsp;--- 25 Jan 13:41:00 380 - Text value displayed for Table field : Hired</small> </font> </div>
<div class="test-event"> <font color="maroon"> <small> &emsp; &emsp;--- 25 Jan 13:41:00 403 - WebDriver session: ChromeDriver: chrome on windows (bdc64c97e7a4ab55f185462038d37fae)</small> </font> </div>
<div class="test-message">&emsp;Candidate Details is verified successfully&emsp;<a href=".\ScreenShot\TC401_16.png" target="_blank" >[ScreenShot]</a></div>
<div class="test-result"><br><font color="green"><strong> Test Passed. </strong></font> </div>&emsp;
<div class="test-event"> <font color="maroon"> <small> &emsp; &emsp;--- 25 Jan 13:41:00 908 - WebDriver session: ChromeDriver: chrome on windows (bdc64c97e7a4ab55f185462038d37fae)</small> </font> </div>]]>
    </system-out>
  </testcase> <!-- TC401 -->
  <system-out>
    <![CDATA[<div class="test-event"> <font color="maroon"> <small> &emsp; &emsp;--- 25 Jan 13:39:44 654 - TestCaseID:: TC401</small> </font> </div>
<div class="test-event"> <font color="maroon"> <small> &emsp; &emsp;--- 25 Jan 13:39:46 877 - <b>2</b> - Driver::initialize::Get - com.OrangeHRM.utils.WebDriverFactory.getDriver(WebDriverFactory.java:767)</small> </font> </div>
<div class="test-event"> <font color="maroon"> <small> &emsp; &emsp;--- 25 Jan 13:39:46 889 - WebDriver session: ChromeDriver: chrome on windows (bdc64c97e7a4ab55f185462038d37fae)</small> </font> </div>
&emsp;<div class="test-title"> <strong><font size = "3" color = "#000080">Add new candidate and Hire</font> </strong> </div>&emsp;<div><strong>Steps:</strong></div><!-- Report -->&emsp;
<div class="test-event"> <font color="maroon"> <small> &emsp; &emsp;--- 25 Jan 13:39:46 920 - Fetching test data from excel sheet</small> </font> </div>
<div class="test-event"> <font color="maroon"> <small> &emsp; &emsp;--- 25 Jan 13:39:56 311 - Entered value Admin in Username field</small> </font> </div>
<div class="test-event"> <font color="maroon"> <small> &emsp; &emsp;--- 25 Jan 13:39:56 636 - Entered value admin123 in Password field</small> </font> </div>
<div class="test-event"> <font color="maroon"> <small> &emsp; &emsp;--- 25 Jan 13:39:56 668 - Webelement dimension: (485, 46)</small> </font> </div>
<div class="test-event"> <font color="maroon"> <small> &emsp; &emsp;--- 25 Jan 13:39:58 005 - Clicked on Login button</small> </font> </div>
<div class="test-message">&emsp;Login to Application&emsp;<a href=".\ScreenShot\TC401_1.png" target="_blank" >[ScreenShot]</a></div>
<div class="test-event"> <font color="maroon"> <small> &emsp; &emsp;--- 25 Jan 13:39:58 684 - Page URL:: https://opensource-demo.orangehrmlive.com/web/index.php/dashboard/index</small> </font> </div>
<div class="test-event"> <font color="maroon"> <small> &emsp; &emsp;--- 25 Jan 13:39:58 689 - <b>0</b> - Page Load Wait: (Sync) - com.OrangeHRM.utils.WaitUtils.waitForPageLoad(WaitUtils.java:50)</small> </font> </div>
<div class="test-event"> <font color="maroon"> <small> &emsp; &emsp;--- 25 Jan 13:39:58 866 - [[ChromeDriver: chrome on windows (bdc64c97e7a4ab55f185462038d37fae)] -> css selector: p[class*='orangehrm-copyright']] displayed</small> </font> </div>
<div class="test-event"> <font color="maroon"> <small> &emsp; &emsp;--- 25 Jan 13:39:58 924 - [[ChromeDriver: chrome on windows (bdc64c97e7a4ab55f185462038d37fae)] -> css selector: p.oxd-userdropdown-name] displayed</small> </font> </div>
<div class="test-event"> <font color="maroon"> <small> &emsp; &emsp;--- 25 Jan 13:39:59 122 - [[ChromeDriver: chrome on windows (bdc64c97e7a4ab55f185462038d37fae)] -> css selector: span[class*='oxd-main-menu-item--name']] displayed</small> </font> </div>
<div class="test-event"> <font color="maroon"> <small> &emsp; &emsp;--- 25 Jan 13:39:59 297 - Recruitment Element displayed</small> </font> </div>
<div class="test-event"> <font color="maroon"> <small> &emsp; &emsp;--- 25 Jan 13:39:59 335 - Webelement dimension: (91, 19)</small> </font> </div>
<div class="test-event"> <font color="maroon"> <small> &emsp; &emsp;--- 25 Jan 13:40:00 689 - Clicked on Recruitment</small> </font> </div>
<div class="test-message">&emsp;Main menu : Recruitment selected&emsp;<a href=".\ScreenShot\TC401_2.png" target="_blank" >[ScreenShot]</a></div>
<div class="test-event"> <font color="maroon"> <small> &emsp; &emsp;--- 25 Jan 13:40:01 381 - Page URL:: https://opensource-demo.orangehrmlive.com/web/index.php/recruitment/viewcandidates</small> </font> </div>
<div class="test-event"> <font color="maroon"> <small> &emsp; &emsp;--- 25 Jan 13:40:01 383 - <b>0</b> - Page Load Wait: (Sync) - com.OrangeHRM.utils.WaitUtils.waitForPageLoad(WaitUtils.java:50)</small> </font> </div>
<div class="test-event"> <font color="maroon"> <small> &emsp; &emsp;--- 25 Jan 13:40:01 441 - [[ChromeDriver: chrome on windows (bdc64c97e7a4ab55f185462038d37fae)] -> xpath: //h6[text()='Recruitment']] displayed</small> </font> </div>
<div class="test-event"> <font color="maroon"> <small> &emsp; &emsp;--- 25 Jan 13:40:01 475 - Webelement dimension: (109, 30)</small> </font> </div>
<div class="test-event"> <font color="maroon"> <small> &emsp; &emsp;--- 25 Jan 13:40:03 001 - Clicked on Add button</small> </font> </div>
<div class="test-event"> <font color="maroon"> <small> &emsp; &emsp;--- 25 Jan 13:40:03 904 - Entered value Fritz in FirstName</small> </font> </div>
<div class="test-event"> <font color="maroon"> <small> &emsp; &emsp;--- 25 Jan 13:40:04 314 - Entered value Ernser in LastName</small> </font> </div>
<div class="test-event"> <font color="maroon"> <small> &emsp; &emsp;--- 25 Jan 13:40:04 368 - Vacancy Element displayed</small> </font> </div>
<div class="test-event"> <font color="maroon"> <small> &emsp; &emsp;--- 25 Jan 13:40:04 393 - Webelement dimension: (541, 45)</small> </font> </div>
<div class="test-event"> <font color="maroon"> <small> &emsp; &emsp;--- 25 Jan 13:40:04 441 - Clicked on Vacancy</small> </font> </div>
<div class="test-event"> <font color="maroon"> <small> &emsp; &emsp;--- 25 Jan 13:40:04 481 - Options elements displayed: 7</small> </font> </div>
<div class="test-event"> <font color="maroon"> <small> &emsp; &emsp;--- 25 Jan 13:40:04 506 - Options elements displayed size: 7</small> </font> </div>
<div class="test-event"> <font color="maroon"> <small> &emsp; &emsp;--- 25 Jan 13:40:04 874 - Vacancy Element displayed</small> </font> </div>
<div class="test-event"> <font color="maroon"> <small> &emsp; &emsp;--- 25 Jan 13:40:04 900 - Webelement dimension: (135, 16)</small> </font> </div>
<div class="test-event"> <font color="maroon"> <small> &emsp; &emsp;--- 25 Jan 13:40:04 957 - Clicked on Senior Support Specialist</small> </font> </div>
<div class="test-message">&emsp;Vacancy: Senior Support Specialist selected&emsp;<a href=".\ScreenShot\TC401_3.png" target="_blank" >[ScreenShot]</a></div>
<div class="test-event"> <font color="maroon"> <small> &emsp; &emsp;--- 25 Jan 13:40:05 532 - Email Element displayed</small> </font> </div>
<div class="test-event"> <font color="maroon"> <small> &emsp; &emsp;--- 25 Jan 13:40:06 021 - Entered value september.macgyver@hotmail.com in Email</small> </font> </div>
<div class="test-message">&emsp;Email: september.macgyver@hotmail.com selected&emsp;<a href=".\ScreenShot\TC401_4.png" target="_blank" >[ScreenShot]</a></div>
<div class="test-event"> <font color="maroon"> <small> &emsp; &emsp;--- 25 Jan 13:40:06 534 - Date of Application Element displayed</small> </font> </div>
<div class="test-event"> <font color="maroon"> <small> &emsp; &emsp;--- 25 Jan 13:40:07 034 - Entered value 1975-01-09 in Date of Application</small> </font> </div>
<div class="test-message">&emsp;Date of Application: 1975-01-09 selected&emsp;<a href=".\ScreenShot\TC401_5.png" target="_blank" >[ScreenShot]</a></div>
<div class="test-event"> <font color="maroon"> <small> &emsp; &emsp;--- 25 Jan 13:40:07 589 - Contact Number Element displayed</small> </font> </div>
<div class="test-event"> <font color="maroon"> <small> &emsp; &emsp;--- 25 Jan 13:40:08 034 - Entered value 2166220642 in Contact Number</small> </font> </div>
<div class="test-message">&emsp;Contact Number: 2166220642 selected&emsp;<a href=".\ScreenShot\TC401_6.png" target="_blank" >[ScreenShot]</a></div>
<div class="test-event"> <font color="maroon"> <small> &emsp; &emsp;--- 25 Jan 13:40:08 517 - Webelement dimension: (100, 31)</small> </font> </div>
<div class="test-event"> <font color="maroon"> <small> &emsp; &emsp;--- 25 Jan 13:40:08 578 - Clicked on Save candidate</small> </font> </div>
<div class="test-event"> <font color="maroon"> <small> &emsp; &emsp;--- 25 Jan 13:40:09 496 - [[ChromeDriver: chrome on windows (bdc64c97e7a4ab55f185462038d37fae)] -> css selector: div[class*='oxd-toast--success']] displayed</small> </font> </div>
<div class="test-event"> <font color="maroon"> <small> &emsp; &emsp;--- 25 Jan 13:40:13 490 - [[ChromeDriver: chrome on windows (bdc64c97e7a4ab55f185462038d37fae)] -> xpath: //p[text()='Status: Application Initiated']] displayed</small> </font> </div>
<div class="test-event"> <font color="maroon"> <small> &emsp; &emsp;--- 25 Jan 13:40:13 841 - Webelement dimension: (118, 30)</small> </font> </div>
<div class="test-event"> <font color="maroon"> <small> &emsp; &emsp;--- 25 Jan 13:40:14 490 - Clicked on Shortlist Candidate</small> </font> </div>
<div class="test-message">&emsp;Candidate :Shortlist in interview&emsp;<a href=".\ScreenShot\TC401_7.png" target="_blank" >[ScreenShot]</a></div>
<div class="test-event"> <font color="maroon"> <small> &emsp; &emsp;--- 25 Jan 13:40:15 166 - Webelement dimension: (100, 31)</small> </font> </div>
<div class="test-event"> <font color="maroon"> <small> &emsp; &emsp;--- 25 Jan 13:40:15 505 - Clicked on Save candidate</small> </font> </div>
<div class="test-event"> <font color="maroon"> <small> &emsp; &emsp;--- 25 Jan 13:40:16 184 - [[ChromeDriver: chrome on windows (bdc64c97e7a4ab55f185462038d37fae)] -> css selector: div[class*='oxd-toast--success']] displayed</small> </font> </div>
<div class="test-event"> <font color="maroon"> <small> &emsp; &emsp;--- 25 Jan 13:40:21 001 - [[ChromeDriver: chrome on windows (bdc64c97e7a4ab55f185462038d37fae)] -> xpath: //p[text()='Status: Shortlisted']] displayed</small> </font> </div>
<div class="test-event"> <font color="maroon"> <small> &emsp; &emsp;--- 25 Jan 13:40:21 636 - Webelement dimension: (185, 30)</small> </font> </div>
<div class="test-event"> <font color="maroon"> <small> &emsp; &emsp;--- 25 Jan 13:40:22 415 - Clicked on Schedule Interview</small> </font> </div>
<div class="test-message">&emsp;Candidate :Schedule in interview&emsp;<a href=".\ScreenShot\TC401_8.png" target="_blank" >[ScreenShot]</a></div>
<div class="test-event"> <font color="maroon"> <small> &emsp; &emsp;--- 25 Jan 13:40:22 953 - Interview Title Element displayed</small> </font> </div>
<div class="test-event"> <font color="maroon"> <small> &emsp; &emsp;--- 25 Jan 13:40:23 497 - Entered value National Metrics Liaison in Interview Title</small> </font> </div>
<div class="test-message">&emsp;Interview Title: National Metrics Liaison selected&emsp;<a href=".\ScreenShot\TC401_9.png" target="_blank" >[ScreenShot]</a></div>
<div class="test-event"> <font color="maroon"> <small> &emsp; &emsp;--- 25 Jan 13:40:24 023 - Date Element displayed</small> </font> </div>
<div class="test-event"> <font color="maroon"> <small> &emsp; &emsp;--- 25 Jan 13:40:24 434 - Entered value 1975-01-09 in Date</small> </font> </div>
<div class="test-message">&emsp;Date: 1975-01-09 selected&emsp;<a href=".\ScreenShot\TC401_10.png" target="_blank" >[ScreenShot]</a></div>
<div class="test-event"> <font color="maroon"> <small> &emsp; &emsp;--- 25 Jan 13:40:27 577 - Options Element displayed</small> </font> </div>
<div class="test-event"> <font color="maroon"> <small> &emsp; &emsp;--- 25 Jan 13:40:27 618 - Options elements displayed size: 1</small> </font> </div>
<div class="test-event"> <font color="maroon"> <small> &emsp; &emsp;--- 25 Jan 13:40:27 643 - Webelement dimension: (532, 35)</small> </font> </div>
<div class="test-event"> <font color="maroon"> <small> &emsp; &emsp;--- 25 Jan 13:40:27 691 - Clicked on Option field</small> </font> </div>
<div class="test-message">&emsp;Interviewer Name: Paul Collings selected&emsp;<a href=".\ScreenShot\TC401_11.png" target="_blank" >[ScreenShot]</a></div>
<div class="test-event"> <font color="maroon"> <small> &emsp; &emsp;--- 25 Jan 13:40:28 147 - Webelement dimension: (100, 31)</small> </font> </div>
<div class="test-event"> <font color="maroon"> <small> &emsp; &emsp;--- 25 Jan 13:40:28 203 - Clicked on Save Schedule Interview</small> </font> </div>
<div class="test-event"> <font color="maroon"> <small> &emsp; &emsp;--- 25 Jan 13:40:28 814 - [[ChromeDriver: chrome on windows (bdc64c97e7a4ab55f185462038d37fae)] -> css selector: div[class*='oxd-toast--success']] displayed</small> </font> </div>
<div class="test-event"> <font color="maroon"> <small> &emsp; &emsp;--- 25 Jan 13:40:33 324 - [[ChromeDriver: chrome on windows (bdc64c97e7a4ab55f185462038d37fae)] -> xpath: //p[text()='Status: Interview Scheduled']] displayed</small> </font> </div>
<div class="test-event"> <font color="maroon"> <small> &emsp; &emsp;--- 25 Jan 13:40:33 700 - Webelement dimension: (208, 30)</small> </font> </div>
<div class="test-event"> <font color="maroon"> <small> &emsp; &emsp;--- 25 Jan 13:40:34 313 - Clicked on Mark Interview Passed</small> </font> </div>
<div class="test-event"> <font color="maroon"> <small> &emsp; &emsp;--- 25 Jan 13:40:34 764 - Webelement dimension: (100, 31)</small> </font> </div>
<div class="test-event"> <font color="maroon"> <small> &emsp; &emsp;--- 25 Jan 13:40:35 198 - Clicked on Save Mark Interview Passed</small> </font> </div>
<div class="test-event"> <font color="maroon"> <small> &emsp; &emsp;--- 25 Jan 13:40:35 798 - [[ChromeDriver: chrome on windows (bdc64c97e7a4ab55f185462038d37fae)] -> css selector: div[class*='oxd-toast--success']] displayed</small> </font> </div>
<div class="test-event"> <font color="maroon"> <small> &emsp; &emsp;--- 25 Jan 13:40:39 536 - [[ChromeDriver: chrome on windows (bdc64c97e7a4ab55f185462038d37fae)] -> xpath: //p[text()='Status: Interview Passed']] displayed</small> </font> </div>
<div class="test-event"> <font color="maroon"> <small> &emsp; &emsp;--- 25 Jan 13:40:40 161 - Webelement dimension: (121, 30)</small> </font> </div>
<div class="test-event"> <font color="maroon"> <small> &emsp; &emsp;--- 25 Jan 13:40:40 745 - Clicked on Offer Job</small> </font> </div>
<div class="test-message">&emsp;Candidate got offer&emsp;<a href=".\ScreenShot\TC401_12.png" target="_blank" >[ScreenShot]</a></div>
<div class="test-event"> <font color="maroon"> <small> &emsp; &emsp;--- 25 Jan 13:40:41 232 - Webelement dimension: (100, 31)</small> </font> </div>
<div class="test-event"> <font color="maroon"> <small> &emsp; &emsp;--- 25 Jan 13:40:41 652 - Clicked on Save Offer Job</small> </font> </div>
<div class="test-event"> <font color="maroon"> <small> &emsp; &emsp;--- 25 Jan 13:40:42 287 - [[ChromeDriver: chrome on windows (bdc64c97e7a4ab55f185462038d37fae)] -> css selector: div[class*='oxd-toast--success']] displayed</small> </font> </div>
<div class="test-event"> <font color="maroon"> <small> &emsp; &emsp;--- 25 Jan 13:40:46 740 - [[ChromeDriver: chrome on windows (bdc64c97e7a4ab55f185462038d37fae)] -> xpath: //p[text()='Status: Job Offered']] displayed</small> </font> </div>
<div class="test-event"> <font color="maroon"> <small> &emsp; &emsp;--- 25 Jan 13:40:47 356 - Webelement dimension: (100, 30)</small> </font> </div>
<div class="test-event"> <font color="maroon"> <small> &emsp; &emsp;--- 25 Jan 13:40:47 951 - Clicked on Hire</small> </font> </div>
<div class="test-message">&emsp;Candidate Hired&emsp;<a href=".\ScreenShot\TC401_13.png" target="_blank" >[ScreenShot]</a></div>
<div class="test-event"> <font color="maroon"> <small> &emsp; &emsp;--- 25 Jan 13:40:48 396 - Webelement dimension: (100, 31)</small> </font> </div>
<div class="test-event"> <font color="maroon"> <small> &emsp; &emsp;--- 25 Jan 13:40:48 819 - Clicked on Save Hire Candidate</small> </font> </div>
<div class="test-event"> <font color="maroon"> <small> &emsp; &emsp;--- 25 Jan 13:40:49 466 - [[ChromeDriver: chrome on windows (bdc64c97e7a4ab55f185462038d37fae)] -> css selector: div[class*='oxd-toast--success']] displayed</small> </font> </div>
<div class="test-event"> <font color="maroon"> <small> &emsp; &emsp;--- 25 Jan 13:40:53 582 - [[ChromeDriver: chrome on windows (bdc64c97e7a4ab55f185462038d37fae)] -> xpath: //p[text()='Status: Hired']] displayed</small> </font> </div>
<div class="test-event"> <font color="maroon"> <small> &emsp; &emsp;--- 25 Jan 13:40:53 660 - [[ChromeDriver: chrome on windows (bdc64c97e7a4ab55f185462038d37fae)] -> css selector: span[class*='oxd-main-menu-item--name']] displayed</small> </font> </div>
<div class="test-event"> <font color="maroon"> <small> &emsp; &emsp;--- 25 Jan 13:40:53 697 - Recruitment Element displayed</small> </font> </div>
<div class="test-event"> <font color="maroon"> <small> &emsp; &emsp;--- 25 Jan 13:40:53 720 - Webelement dimension: (91, 19)</small> </font> </div>
<div class="test-event"> <font color="maroon"> <small> &emsp; &emsp;--- 25 Jan 13:40:54 714 - Clicked on Recruitment</small> </font> </div>
<div class="test-message">&emsp;Main menu : Recruitment selected&emsp;<a href=".\ScreenShot\TC401_14.png" target="_blank" >[ScreenShot]</a></div>
<div class="test-event"> <font color="maroon"> <small> &emsp; &emsp;--- 25 Jan 13:40:55 203 - Page URL:: https://opensource-demo.orangehrmlive.com/web/index.php/recruitment/viewcandidates</small> </font> </div>
<div class="test-event"> <font color="maroon"> <small> &emsp; &emsp;--- 25 Jan 13:40:55 203 - <b>0</b> - Page Load Wait: (Sync) - com.OrangeHRM.utils.WaitUtils.waitForPageLoad(WaitUtils.java:50)</small> </font> </div>
<div class="test-event"> <font color="maroon"> <small> &emsp; &emsp;--- 25 Jan 13:40:55 239 - [[ChromeDriver: chrome on windows (bdc64c97e7a4ab55f185462038d37fae)] -> xpath: //h6[text()='Recruitment']] displayed</small> </font> </div>
<div class="test-event"> <font color="maroon"> <small> &emsp; &emsp;--- 25 Jan 13:40:58 833 - Options Element displayed</small> </font> </div>
<div class="test-event"> <font color="maroon"> <small> &emsp; &emsp;--- 25 Jan 13:40:58 868 - Webelement dimension: (391, 35)</small> </font> </div>
<div class="test-event"> <font color="maroon"> <small> &emsp; &emsp;--- 25 Jan 13:40:58 925 - Clicked on Option field</small> </font> </div>
<div class="test-message">&emsp;Employee Name: Fritz Ernser selected&emsp;<a href=".\ScreenShot\TC401_15.png" target="_blank" >[ScreenShot]</a></div>
<div class="test-event"> <font color="maroon"> <small> &emsp; &emsp;--- 25 Jan 13:40:59 419 - Webelement dimension: (107, 31)</small> </font> </div>
<div class="test-event"> <font color="maroon"> <small> &emsp; &emsp;--- 25 Jan 13:40:59 470 - Clicked on Search button</small> </font> </div>
<div class="test-event"> <font color="maroon"> <small> &emsp; &emsp;--- 25 Jan 13:41:00 042 - Table rows Element displayed</small> </font> </div>
<div class="test-event"> <font color="maroon"> <small> &emsp; &emsp;--- 25 Jan 13:41:00 062 - Table rows elements displayed size: 1</small> </font> </div>
<div class="test-event"> <font color="maroon"> <small> &emsp; &emsp;--- 25 Jan 13:41:00 144 - Text value displayed for Table field : Senior Support Specialist</small> </font> </div>
<div class="test-event"> <font color="maroon"> <small> &emsp; &emsp;--- 25 Jan 13:41:00 190 - Text value displayed for Table field : Fritz Ernser</small> </font> </div>
<div class="test-event"> <font color="maroon"> <small> &emsp; &emsp;--- 25 Jan 13:41:00 235 - Text value displayed for Table field : Dominic Chase</small> </font> </div>
<div class="test-event"> <font color="maroon"> <small> &emsp; &emsp;--- 25 Jan 13:41:00 317 - Text value displayed for Table field : 1975-01-09</small> </font> </div>
<div class="test-event"> <font color="maroon"> <small> &emsp; &emsp;--- 25 Jan 13:41:00 380 - Text value displayed for Table field : Hired</small> </font> </div>
<div class="test-event"> <font color="maroon"> <small> &emsp; &emsp;--- 25 Jan 13:41:00 403 - WebDriver session: ChromeDriver: chrome on windows (bdc64c97e7a4ab55f185462038d37fae)</small> </font> </div>
<div class="test-message">&emsp;Candidate Details is verified successfully&emsp;<a href=".\ScreenShot\TC401_16.png" target="_blank" >[ScreenShot]</a></div>
<div class="test-result"><br><font color="green"><strong> Test Passed. </strong></font> </div>&emsp;
<div class="test-event"> <font color="maroon"> <small> &emsp; &emsp;--- 25 Jan 13:41:00 908 - WebDriver session: ChromeDriver: chrome on windows (bdc64c97e7a4ab55f185462038d37fae)</small> </font> </div>]]>
  </system-out>
</testsuite> <!-- com.OrangeHRM.testscripts.RecruitmentTestSuite -->
